2019-07-01T21:44:15.955187Z	info	FLAG: --applicationPorts="[5000,9001]"
2019-07-01T21:44:15.955221Z	info	FLAG: --binaryPath="/usr/local/bin/envoy"
2019-07-01T21:44:15.955226Z	info	FLAG: --concurrency="2"
2019-07-01T21:44:15.955229Z	info	FLAG: --configPath="/etc/istio/proxy"
2019-07-01T21:44:15.955233Z	info	FLAG: --connectTimeout="10s"
2019-07-01T21:44:15.955237Z	info	FLAG: --controlPlaneAuthPolicy="NONE"
2019-07-01T21:44:15.955241Z	info	FLAG: --controlPlaneBootstrap="true"
2019-07-01T21:44:15.955255Z	info	FLAG: --customConfigFile=""
2019-07-01T21:44:15.955258Z	info	FLAG: --datadogAgentAddress=""
2019-07-01T21:44:15.955260Z	info	FLAG: --disableInternalTelemetry="false"
2019-07-01T21:44:15.955263Z	info	FLAG: --discoveryAddress="istio-pilot.istio-system:15010"
2019-07-01T21:44:15.955266Z	info	FLAG: --dnsRefreshRate="300s"
2019-07-01T21:44:15.955268Z	info	FLAG: --domain="default.svc.cluster.local"
2019-07-01T21:44:15.955271Z	info	FLAG: --drainDuration="45s"
2019-07-01T21:44:15.955274Z	info	FLAG: --envoyMetricsServiceAddress=""
2019-07-01T21:44:15.955276Z	info	FLAG: --help="false"
2019-07-01T21:44:15.955278Z	info	FLAG: --id=""
2019-07-01T21:44:15.955281Z	info	FLAG: --ip=""
2019-07-01T21:44:15.955283Z	info	FLAG: --lightstepAccessToken=""
2019-07-01T21:44:15.955285Z	info	FLAG: --lightstepAddress=""
2019-07-01T21:44:15.955287Z	info	FLAG: --lightstepCacertPath=""
2019-07-01T21:44:15.955290Z	info	FLAG: --lightstepSecure="false"
2019-07-01T21:44:15.955292Z	info	FLAG: --log_as_json="false"
2019-07-01T21:44:15.955295Z	info	FLAG: --log_caller=""
2019-07-01T21:44:15.955297Z	info	FLAG: --log_output_level="default:info"
2019-07-01T21:44:15.955300Z	info	FLAG: --log_rotate=""
2019-07-01T21:44:15.955302Z	info	FLAG: --log_rotate_max_age="30"
2019-07-01T21:44:15.955305Z	info	FLAG: --log_rotate_max_backups="1000"
2019-07-01T21:44:15.955307Z	info	FLAG: --log_rotate_max_size="104857600"
2019-07-01T21:44:15.955310Z	info	FLAG: --log_stacktrace_level="default:none"
2019-07-01T21:44:15.955319Z	info	FLAG: --log_target="[stdout]"
2019-07-01T21:44:15.955325Z	info	FLAG: --mixerIdentity=""
2019-07-01T21:44:15.955328Z	info	FLAG: --parentShutdownDuration="1m0s"
2019-07-01T21:44:15.955330Z	info	FLAG: --pilotIdentity=""
2019-07-01T21:44:15.955334Z	info	FLAG: --proxyAdminPort="15000"
2019-07-01T21:44:15.955336Z	info	FLAG: --proxyComponentLogLevel="misc:error"
2019-07-01T21:44:15.955339Z	info	FLAG: --proxyLogLevel="critical"
2019-07-01T21:44:15.955341Z	info	FLAG: --serviceCluster="display-video.default"
2019-07-01T21:44:15.955344Z	info	FLAG: --serviceregistry="Kubernetes"
2019-07-01T21:44:15.955346Z	info	FLAG: --statsdUdpAddress=""
2019-07-01T21:44:15.955348Z	info	FLAG: --statusPort="15020"
2019-07-01T21:44:15.955350Z	info	FLAG: --templateFile=""
2019-07-01T21:44:15.955353Z	info	FLAG: --trust-domain=""
2019-07-01T21:44:15.955355Z	info	FLAG: --zipkinAddress="zipkin.istio-system:9411"
2019-07-01T21:44:15.955378Z	info	Version matthew@matthew-VirtualBox-docker.io/istio-ac83f1e9bd5740a3cea9df59a682841d820cd81e-dirty-ac83f1e9bd5740a3cea9df59a682841d820cd81e-dirty-Modified
2019-07-01T21:44:15.955493Z	info	Obtained private IP [10.244.0.133]
2019-07-01T21:44:15.955535Z	info	Proxy role: &model.Proxy{ClusterID:"", Type:"sidecar", IPAddresses:[]string{"10.244.0.133", "10.244.0.133"}, ID:"display-video-8557cfd969-5xkrn.default", Locality:(*core.Locality)(nil), DNSDomain:"default.svc.cluster.local", TrustDomain:"cluster.local", PilotIdentity:"", MixerIdentity:"", ConfigNamespace:"", Metadata:map[string]string{}, SidecarScope:(*model.SidecarScope)(nil), ServiceInstances:[]*model.ServiceInstance(nil), WorkloadLabels:model.LabelsCollection(nil)}
2019-07-01T21:44:15.955549Z	info	PilotSAN []string(nil)
2019-07-01T21:44:15.955839Z	info	Effective config: binaryPath: /usr/local/bin/envoy
concurrency: 2
configPath: /etc/istio/proxy
connectTimeout: 10s
discoveryAddress: istio-pilot.istio-system:15010
drainDuration: 45s
parentShutdownDuration: 60s
proxyAdminPort: 15000
serviceCluster: display-video.default
statNameLength: 189
tracing:
  zipkin:
    address: zipkin.istio-system:9411

2019-07-01T21:44:15.955857Z	info	Monitored certs: []string{"/etc/certs/cert-chain.pem", "/etc/certs/key.pem", "/etc/certs/root-cert.pem"}
2019-07-01T21:44:15.955866Z	info	PilotSAN []string(nil)
2019-07-01T21:44:15.956013Z	info	Starting proxy agent
2019-07-01T21:44:15.956035Z	info	Opening status port 15020

2019-07-01T21:44:15.956193Z	info	watching /etc/certs/cert-chain.pem for changes
2019-07-01T21:44:15.956212Z	info	watching /etc/certs/key.pem for changes
2019-07-01T21:44:15.956202Z	info	Received new config, resetting budget
2019-07-01T21:44:15.956224Z	info	watching /etc/certs/root-cert.pem for changes
2019-07-01T21:44:15.956226Z	info	Reconciling retry (budget 10)
2019-07-01T21:44:15.956257Z	info	Epoch 0 starting
2019-07-01T21:44:15.961800Z	info	Envoy command: [-c /etc/istio/proxy/envoy-rev0.json --restart-epoch 0 --drain-time-s 45 --parent-shutdown-time-s 60 --service-cluster display-video.default --service-node sidecar~10.244.0.133~display-video-8557cfd969-5xkrn.default~default.svc.cluster.local --max-obj-name-len 189 --local-address-ip-version v4 --allow-unknown-fields -l critical --component-log-level misc:error --concurrency 2]
MADEIT HEREenvoy.filters.http.adapt
2019-07-01T21:44:17.053261Z	info	Envoy proxy is ready
http.10.244.0.133_5000.adapt.
http.10.244.0.133_5000.adapt.
http.10.244.0.133_9001.adapt.
http.10.244.0.133_9001.adapt.
http.0.0.0.0_15004.adapt.
http.0.0.0.0_9080.adapt.
http.0.0.0.0_9111.adapt.
http.0.0.0.0_9901.adapt.
http.0.0.0.0_8080.adapt.
http.0.0.0.0_9000.adapt.
http.0.0.0.0_9001.adapt.
http.0.0.0.0_80.adapt.
http.0.0.0.0_9091.adapt.
http.0.0.0.0_8060.adapt.
http.0.0.0.0_15010.adapt.
http.0.0.0.0_9090.adapt.
http.0.0.0.0_5000.adapt.
http.0.0.0.0_15014.adapt.
[2019-07-01 21:49:14.829][24][critical][filter] [external/envoy/source/extensions/filters/http/adapt/adapt_filter.cc:34] Beginning adapt object creation.
[2019-07-01 21:49:14.830][24][critical][filter] [bazel-out/k8-fastbuild/bin/external/envoy/source/extensions/filters/http/adapt/_virtual_includes/adapt_filter_lib/extensions/filters/http/adapt/adapt_filter.h:84] INITIALIZED DECODER CALLBACKAS
[2019-07-01 21:49:14.830][24][critical][filter] [external/envoy/source/extensions/filters/http/adapt/adapt_filter.cc:56] Configured request limiter with a rate limit of 1 kbps.
[2019-07-01 21:49:14.830][24][critical][filter] [external/envoy/source/extensions/filters/http/adapt/adapt_filter.cc:57] Time source is N5Envoy5Event14RealTimeSystemE
[2019-07-01 21:49:14.840][24][critical][filter] [external/envoy/source/extensions/filters/http/adapt/adapt_filter.cc:95] Configured response limiter with a rate limit of 1 kbps.
[2019-07-01 21:49:14.840][24][critical][filter] [external/envoy/source/extensions/filters/http/adapt/adapt_filter.cc:90] Response limiter injection 173 bytes.
[2019-07-01 21:49:14.841][24][critical][backtrace] [bazel-out/k8-fastbuild/bin/external/envoy/source/server/_virtual_includes/backtrace_lib/server/backtrace.h:81] Caught Segmentation fault, suspect faulting address 0x30
[2019-07-01 21:49:14.841][24][critical][backtrace] [bazel-out/k8-fastbuild/bin/external/envoy/source/server/_virtual_includes/backtrace_lib/server/backtrace.h:69] Backtrace (use tools/stack_decode.py to get line numbers):
[2019-07-01 21:49:14.862][24][critical][backtrace] [bazel-out/k8-fastbuild/bin/external/envoy/source/server/_virtual_includes/backtrace_lib/server/backtrace.h:73] #0: Envoy::SignalAction::sigHandler() [0x1687c6e]
[2019-07-01 21:49:14.862][24][critical][backtrace] [bazel-out/k8-fastbuild/bin/external/envoy/source/server/_virtual_includes/backtrace_lib/server/backtrace.h:73] #1: __restore_rt [0x7f79cb7b1390]
[2019-07-01 21:49:14.924][24][critical][backtrace] [bazel-out/k8-fastbuild/bin/external/envoy/source/server/_virtual_includes/backtrace_lib/server/backtrace.h:73] #2: Envoy::Buffer::OwnedImpl::length() [0x13ad682]
[2019-07-01 21:49:14.940][24][critical][backtrace] [bazel-out/k8-fastbuild/bin/external/envoy/source/server/_virtual_includes/backtrace_lib/server/backtrace.h:73] #3: Envoy::Extensions::HttpFilters::Fault::StreamRateLimiter::onTokenTimer() [0x71aafa]
[2019-07-01 21:49:14.957][24][critical][backtrace] [bazel-out/k8-fastbuild/bin/external/envoy/source/server/_virtual_includes/backtrace_lib/server/backtrace.h:73] #4: Envoy::Extensions::HttpFilters::Fault::StreamRateLimiter::StreamRateLimiter()::{lambda()#1}::operator()() [0x71a379]
[2019-07-01 21:49:14.974][24][critical][backtrace] [bazel-out/k8-fastbuild/bin/external/envoy/source/server/_virtual_includes/backtrace_lib/server/backtrace.h:73] #5: std::_Function_handler<>::_M_invoke() [0x71b4c9]
[2019-07-01 21:49:14.991][24][critical][backtrace] [bazel-out/k8-fastbuild/bin/external/envoy/source/server/_virtual_includes/backtrace_lib/server/backtrace.h:73] #6: std::function<>::operator()() [0x4f81fc]
[2019-07-01 21:49:15.013][24][critical][backtrace] [bazel-out/k8-fastbuild/bin/external/envoy/source/server/_virtual_includes/backtrace_lib/server/backtrace.h:73] #7: Envoy::Event::TimerImpl::TimerImpl()::{lambda()#1}::operator()() [0xdcb63f]
[2019-07-01 21:49:15.030][24][critical][backtrace] [bazel-out/k8-fastbuild/bin/external/envoy/source/server/_virtual_includes/backtrace_lib/server/backtrace.h:73] #8: Envoy::Event::TimerImpl::TimerImpl()::{lambda()#1}::_FUN() [0xdcb66e]
[2019-07-01 21:49:15.046][24][critical][backtrace] [bazel-out/k8-fastbuild/bin/external/envoy/source/server/_virtual_includes/backtrace_lib/server/backtrace.h:73] #9: event_process_active_single_queue.isra.31 [0x13c7d68]
[2019-07-01 21:49:15.061][24][critical][backtrace] [bazel-out/k8-fastbuild/bin/external/envoy/source/server/_virtual_includes/backtrace_lib/server/backtrace.h:73] #10: event_process_active [0x13c82ef]
[2019-07-01 21:49:15.074][24][critical][backtrace] [bazel-out/k8-fastbuild/bin/external/envoy/source/server/_virtual_includes/backtrace_lib/server/backtrace.h:73] #11: event_base_loop [0x13cc928]
[2019-07-01 21:49:15.090][24][critical][backtrace] [bazel-out/k8-fastbuild/bin/external/envoy/source/server/_virtual_includes/backtrace_lib/server/backtrace.h:73] #12: Envoy::Event::LibeventScheduler::run() [0xdca78c]
[2019-07-01 21:49:15.107][24][critical][backtrace] [bazel-out/k8-fastbuild/bin/external/envoy/source/server/_virtual_includes/backtrace_lib/server/backtrace.h:73] #13: Envoy::Event::DispatcherImpl::run() [0xda68fa]
[2019-07-01 21:49:15.120][24][critical][backtrace] [bazel-out/k8-fastbuild/bin/external/envoy/source/server/_virtual_includes/backtrace_lib/server/backtrace.h:73] #14: Envoy::Server::WorkerImpl::threadRoutine() [0xd94187]
[2019-07-01 21:49:15.134][24][critical][backtrace] [bazel-out/k8-fastbuild/bin/external/envoy/source/server/_virtual_includes/backtrace_lib/server/backtrace.h:73] #15: Envoy::Server::WorkerImpl::start()::{lambda()#1}::operator()() [0xd93a56]
[2019-07-01 21:49:15.148][24][critical][backtrace] [bazel-out/k8-fastbuild/bin/external/envoy/source/server/_virtual_includes/backtrace_lib/server/backtrace.h:73] #16: std::_Function_handler<>::_M_invoke() [0xd94a95]
[2019-07-01 21:49:15.148][24][critical][backtrace] [bazel-out/k8-fastbuild/bin/external/envoy/source/server/_virtual_includes/backtrace_lib/server/backtrace.h:73] #17: std::function<>::operator()() [0x4f81fc]
[2019-07-01 21:49:15.162][24][critical][backtrace] [bazel-out/k8-fastbuild/bin/external/envoy/source/server/_virtual_includes/backtrace_lib/server/backtrace.h:73] #18: Envoy::Thread::ThreadImplPosix::ThreadImplPosix()::{lambda()#1}::operator()() [0x168ad14]
[2019-07-01 21:49:15.176][24][critical][backtrace] [bazel-out/k8-fastbuild/bin/external/envoy/source/server/_virtual_includes/backtrace_lib/server/backtrace.h:73] #19: Envoy::Thread::ThreadImplPosix::ThreadImplPosix()::{lambda()#1}::_FUN() [0x168ad38]
[2019-07-01 21:49:15.176][24][critical][backtrace] [bazel-out/k8-fastbuild/bin/external/envoy/source/server/_virtual_includes/backtrace_lib/server/backtrace.h:73] #20: start_thread [0x7f79cb7a76ba]
2019-07-01T21:49:15.378535Z	warn	Epoch 0 terminated with an error: signal: segmentation fault (core dumped)
2019-07-01T21:49:15.378831Z	warn	Aborted all epochs
2019-07-01T21:49:15.379006Z	info	Epoch 0: set retry delay to 200ms, budget to 9
2019-07-01T21:49:15.581797Z	info	Reconciling retry (budget 9)
2019-07-01T21:49:15.582042Z	info	Epoch 0 starting
2019-07-01T21:49:15.584229Z	info	Envoy command: [-c /etc/istio/proxy/envoy-rev0.json --restart-epoch 0 --drain-time-s 45 --parent-shutdown-time-s 60 --service-cluster display-video.default --service-node sidecar~10.244.0.133~display-video-8557cfd969-5xkrn.default~default.svc.cluster.local --max-obj-name-len 189 --local-address-ip-version v4 --allow-unknown-fields -l critical --component-log-level misc:error --concurrency 2]
MADEIT HEREenvoy.filters.http.adapt
2019-07-01T21:49:17.037550Z	info	Envoy proxy is NOT ready: 3 errors occurred:
	* failed checking application ports. listeners="0.0.0.0:15090"
	* envoy missing listener for inbound application port: 5000
	* envoy missing listener for inbound application port: 9001


http.10.244.0.133_5000.adapt.
http.10.244.0.133_5000.adapt.
http.10.244.0.133_9001.adapt.
http.10.244.0.133_9001.adapt.
http.0.0.0.0_9090.adapt.
http.0.0.0.0_80.adapt.
http.0.0.0.0_5000.adapt.
http.0.0.0.0_8060.adapt.
http.0.0.0.0_9901.adapt.
http.0.0.0.0_15010.adapt.
http.0.0.0.0_15004.adapt.
http.0.0.0.0_9091.adapt.
http.0.0.0.0_9111.adapt.
http.0.0.0.0_9080.adapt.
http.0.0.0.0_15014.adapt.
http.0.0.0.0_9000.adapt.
http.0.0.0.0_9001.adapt.
http.0.0.0.0_8080.adapt.
2019-07-01T21:49:19.037523Z	info	Envoy proxy is ready
[2019-07-01 21:49:23.630][39][critical][filter] [external/envoy/source/extensions/filters/http/adapt/adapt_filter.cc:34] Beginning adapt object creation.
[2019-07-01 21:49:23.631][39][critical][filter] [bazel-out/k8-fastbuild/bin/external/envoy/source/extensions/filters/http/adapt/_virtual_includes/adapt_filter_lib/extensions/filters/http/adapt/adapt_filter.h:84] INITIALIZED DECODER CALLBACKAS
[2019-07-01 21:49:23.631][39][critical][filter] [external/envoy/source/extensions/filters/http/adapt/adapt_filter.cc:56] Configured request limiter with a rate limit of 1 kbps.
[2019-07-01 21:49:23.631][39][critical][filter] [external/envoy/source/extensions/filters/http/adapt/adapt_filter.cc:57] Time source is N5Envoy5Event14RealTimeSystemE
[2019-07-01 21:49:23.635][39][critical][filter] [external/envoy/source/extensions/filters/http/adapt/adapt_filter.cc:95] Configured response limiter with a rate limit of 1 kbps.
[2019-07-01 21:49:23.635][39][critical][filter] [external/envoy/source/extensions/filters/http/adapt/adapt_filter.cc:90] Response limiter injection 173 bytes.
[2019-07-01 21:49:23.636][39][critical][backtrace] [bazel-out/k8-fastbuild/bin/external/envoy/source/server/_virtual_includes/backtrace_lib/server/backtrace.h:81] Caught Segmentation fault, suspect faulting address 0x30
[2019-07-01 21:49:23.636][39][critical][backtrace] [bazel-out/k8-fastbuild/bin/external/envoy/source/server/_virtual_includes/backtrace_lib/server/backtrace.h:69] Backtrace (use tools/stack_decode.py to get line numbers):
[2019-07-01 21:49:23.653][39][critical][backtrace] [bazel-out/k8-fastbuild/bin/external/envoy/source/server/_virtual_includes/backtrace_lib/server/backtrace.h:73] #0: Envoy::SignalAction::sigHandler() [0x1687c6e]
[2019-07-01 21:49:23.653][39][critical][backtrace] [bazel-out/k8-fastbuild/bin/external/envoy/source/server/_virtual_includes/backtrace_lib/server/backtrace.h:73] #1: __restore_rt [0x7fd60cbdd390]
[2019-07-01 21:49:23.720][39][critical][backtrace] [bazel-out/k8-fastbuild/bin/external/envoy/source/server/_virtual_includes/backtrace_lib/server/backtrace.h:73] #2: Envoy::Buffer::OwnedImpl::length() [0x13ad682]
[2019-07-01 21:49:23.738][39][critical][backtrace] [bazel-out/k8-fastbuild/bin/external/envoy/source/server/_virtual_includes/backtrace_lib/server/backtrace.h:73] #3: Envoy::Extensions::HttpFilters::Fault::StreamRateLimiter::onTokenTimer() [0x71aafa]
[2019-07-01 21:49:23.757][39][critical][backtrace] [bazel-out/k8-fastbuild/bin/external/envoy/source/server/_virtual_includes/backtrace_lib/server/backtrace.h:73] #4: Envoy::Extensions::HttpFilters::Fault::StreamRateLimiter::StreamRateLimiter()::{lambda()#1}::operator()() [0x71a379]
[2019-07-01 21:49:23.772][39][critical][backtrace] [bazel-out/k8-fastbuild/bin/external/envoy/source/server/_virtual_includes/backtrace_lib/server/backtrace.h:73] #5: std::_Function_handler<>::_M_invoke() [0x71b4c9]
[2019-07-01 21:49:23.789][39][critical][backtrace] [bazel-out/k8-fastbuild/bin/external/envoy/source/server/_virtual_includes/backtrace_lib/server/backtrace.h:73] #6: std::function<>::operator()() [0x4f81fc]
[2019-07-01 21:49:23.808][39][critical][backtrace] [bazel-out/k8-fastbuild/bin/external/envoy/source/server/_virtual_includes/backtrace_lib/server/backtrace.h:73] #7: Envoy::Event::TimerImpl::TimerImpl()::{lambda()#1}::operator()() [0xdcb63f]
[2019-07-01 21:49:23.824][39][critical][backtrace] [bazel-out/k8-fastbuild/bin/external/envoy/source/server/_virtual_includes/backtrace_lib/server/backtrace.h:73] #8: Envoy::Event::TimerImpl::TimerImpl()::{lambda()#1}::_FUN() [0xdcb66e]
[2019-07-01 21:49:23.840][39][critical][backtrace] [bazel-out/k8-fastbuild/bin/external/envoy/source/server/_virtual_includes/backtrace_lib/server/backtrace.h:73] #9: event_process_active_single_queue.isra.31 [0x13c7d68]
[2019-07-01 21:49:23.858][39][critical][backtrace] [bazel-out/k8-fastbuild/bin/external/envoy/source/server/_virtual_includes/backtrace_lib/server/backtrace.h:73] #10: event_process_active [0x13c82ef]
[2019-07-01 21:49:23.874][39][critical][backtrace] [bazel-out/k8-fastbuild/bin/external/envoy/source/server/_virtual_includes/backtrace_lib/server/backtrace.h:73] #11: event_base_loop [0x13cc928]
[2019-07-01 21:49:23.890][39][critical][backtrace] [bazel-out/k8-fastbuild/bin/external/envoy/source/server/_virtual_includes/backtrace_lib/server/backtrace.h:73] #12: Envoy::Event::LibeventScheduler::run() [0xdca78c]
[2019-07-01 21:49:23.907][39][critical][backtrace] [bazel-out/k8-fastbuild/bin/external/envoy/source/server/_virtual_includes/backtrace_lib/server/backtrace.h:73] #13: Envoy::Event::DispatcherImpl::run() [0xda68fa]
[2019-07-01 21:49:23.923][39][critical][backtrace] [bazel-out/k8-fastbuild/bin/external/envoy/source/server/_virtual_includes/backtrace_lib/server/backtrace.h:73] #14: Envoy::Server::WorkerImpl::threadRoutine() [0xd94187]
[2019-07-01 21:49:23.939][39][critical][backtrace] [bazel-out/k8-fastbuild/bin/external/envoy/source/server/_virtual_includes/backtrace_lib/server/backtrace.h:73] #15: Envoy::Server::WorkerImpl::start()::{lambda()#1}::operator()() [0xd93a56]
[2019-07-01 21:49:23.956][39][critical][backtrace] [bazel-out/k8-fastbuild/bin/external/envoy/source/server/_virtual_includes/backtrace_lib/server/backtrace.h:73] #16: std::_Function_handler<>::_M_invoke() [0xd94a95]
[2019-07-01 21:49:23.956][39][critical][backtrace] [bazel-out/k8-fastbuild/bin/external/envoy/source/server/_virtual_includes/backtrace_lib/server/backtrace.h:73] #17: std::function<>::operator()() [0x4f81fc]
[2019-07-01 21:49:23.973][39][critical][backtrace] [bazel-out/k8-fastbuild/bin/external/envoy/source/server/_virtual_includes/backtrace_lib/server/backtrace.h:73] #18: Envoy::Thread::ThreadImplPosix::ThreadImplPosix()::{lambda()#1}::operator()() [0x168ad14]
[2019-07-01 21:49:23.991][39][critical][backtrace] [bazel-out/k8-fastbuild/bin/external/envoy/source/server/_virtual_includes/backtrace_lib/server/backtrace.h:73] #19: Envoy::Thread::ThreadImplPosix::ThreadImplPosix()::{lambda()#1}::_FUN() [0x168ad38]
[2019-07-01 21:49:23.991][39][critical][backtrace] [bazel-out/k8-fastbuild/bin/external/envoy/source/server/_virtual_includes/backtrace_lib/server/backtrace.h:73] #20: start_thread [0x7fd60cbd36ba]
2019-07-01T21:49:24.123000Z	warn	Epoch 0 terminated with an error: signal: segmentation fault (core dumped)
2019-07-01T21:49:24.123923Z	warn	Aborted all epochs
2019-07-01T21:49:24.124371Z	info	Epoch 0: set retry delay to 400ms, budget to 8
2019-07-01T21:49:24.524487Z	info	Reconciling retry (budget 8)
2019-07-01T21:49:24.524727Z	info	Epoch 0 starting
2019-07-01T21:49:24.525617Z	info	Envoy command: [-c /etc/istio/proxy/envoy-rev0.json --restart-epoch 0 --drain-time-s 45 --parent-shutdown-time-s 60 --service-cluster display-video.default --service-node sidecar~10.244.0.133~display-video-8557cfd969-5xkrn.default~default.svc.cluster.local --max-obj-name-len 189 --local-address-ip-version v4 --allow-unknown-fields -l critical --component-log-level misc:error --concurrency 2]
MADEIT HEREenvoy.filters.http.adapt
2019-07-01T21:49:25.037758Z	info	Envoy proxy is NOT ready: 3 errors occurred:
	* failed checking application ports. listeners="0.0.0.0:15090"
	* envoy missing listener for inbound application port: 5000
	* envoy missing listener for inbound application port: 9001


http.10.244.0.133_5000.adapt.
http.10.244.0.133_5000.adapt.
http.10.244.0.133_9001.adapt.
http.10.244.0.133_9001.adapt.
http.0.0.0.0_8080.adapt.
http.0.0.0.0_9090.adapt.
http.0.0.0.0_9080.adapt.
http.0.0.0.0_8060.adapt.
http.0.0.0.0_15014.adapt.
http.0.0.0.0_9000.adapt.
http.0.0.0.0_5000.adapt.
http.0.0.0.0_15004.adapt.
http.0.0.0.0_9001.adapt.
http.0.0.0.0_9111.adapt.
http.0.0.0.0_15010.adapt.
http.0.0.0.0_9091.adapt.
http.0.0.0.0_9901.adapt.
http.0.0.0.0_80.adapt.
2019-07-01T21:49:27.037258Z	info	Envoy proxy is ready
[2019-07-01 21:49:33.533][49][critical][filter] [external/envoy/source/extensions/filters/http/adapt/adapt_filter.cc:34] Beginning adapt object creation.
[2019-07-01 21:49:33.534][49][critical][filter] [bazel-out/k8-fastbuild/bin/external/envoy/source/extensions/filters/http/adapt/_virtual_includes/adapt_filter_lib/extensions/filters/http/adapt/adapt_filter.h:84] INITIALIZED DECODER CALLBACKAS
[2019-07-01 21:49:33.534][49][critical][filter] [external/envoy/source/extensions/filters/http/adapt/adapt_filter.cc:56] Configured request limiter with a rate limit of 1 kbps.
[2019-07-01 21:49:33.535][49][critical][filter] [external/envoy/source/extensions/filters/http/adapt/adapt_filter.cc:57] Time source is N5Envoy5Event14RealTimeSystemE
[2019-07-01 21:49:33.539][49][critical][filter] [external/envoy/source/extensions/filters/http/adapt/adapt_filter.cc:95] Configured response limiter with a rate limit of 1 kbps.
[2019-07-01 21:49:33.540][49][critical][filter] [external/envoy/source/extensions/filters/http/adapt/adapt_filter.cc:90] Response limiter injection 173 bytes.
[2019-07-01 21:49:33.540][49][critical][backtrace] [bazel-out/k8-fastbuild/bin/external/envoy/source/server/_virtual_includes/backtrace_lib/server/backtrace.h:81] Caught Segmentation fault, suspect faulting address 0x30
[2019-07-01 21:49:33.540][49][critical][backtrace] [bazel-out/k8-fastbuild/bin/external/envoy/source/server/_virtual_includes/backtrace_lib/server/backtrace.h:69] Backtrace (use tools/stack_decode.py to get line numbers):
[2019-07-01 21:49:33.558][49][critical][backtrace] [bazel-out/k8-fastbuild/bin/external/envoy/source/server/_virtual_includes/backtrace_lib/server/backtrace.h:73] #0: Envoy::SignalAction::sigHandler() [0x1687c6e]
[2019-07-01 21:49:33.558][49][critical][backtrace] [bazel-out/k8-fastbuild/bin/external/envoy/source/server/_virtual_includes/backtrace_lib/server/backtrace.h:73] #1: __restore_rt [0x7f519a21f390]
[2019-07-01 21:49:33.575][49][critical][backtrace] [bazel-out/k8-fastbuild/bin/external/envoy/source/server/_virtual_includes/backtrace_lib/server/backtrace.h:73] #2: Envoy::Buffer::OwnedImpl::length() [0x13ad682]
[2019-07-01 21:49:33.621][49][critical][backtrace] [bazel-out/k8-fastbuild/bin/external/envoy/source/server/_virtual_includes/backtrace_lib/server/backtrace.h:73] #3: Envoy::Extensions::HttpFilters::Fault::StreamRateLimiter::onTokenTimer() [0x71aafa]
[2019-07-01 21:49:33.646][49][critical][backtrace] [bazel-out/k8-fastbuild/bin/external/envoy/source/server/_virtual_includes/backtrace_lib/server/backtrace.h:73] #4: Envoy::Extensions::HttpFilters::Fault::StreamRateLimiter::StreamRateLimiter()::{lambda()#1}::operator()() [0x71a379]
[2019-07-01 21:49:33.663][49][critical][backtrace] [bazel-out/k8-fastbuild/bin/external/envoy/source/server/_virtual_includes/backtrace_lib/server/backtrace.h:73] #5: std::_Function_handler<>::_M_invoke() [0x71b4c9]
[2019-07-01 21:49:33.683][49][critical][backtrace] [bazel-out/k8-fastbuild/bin/external/envoy/source/server/_virtual_includes/backtrace_lib/server/backtrace.h:73] #6: std::function<>::operator()() [0x4f81fc]
[2019-07-01 21:49:33.699][49][critical][backtrace] [bazel-out/k8-fastbuild/bin/external/envoy/source/server/_virtual_includes/backtrace_lib/server/backtrace.h:73] #7: Envoy::Event::TimerImpl::TimerImpl()::{lambda()#1}::operator()() [0xdcb63f]
[2019-07-01 21:49:33.716][49][critical][backtrace] [bazel-out/k8-fastbuild/bin/external/envoy/source/server/_virtual_includes/backtrace_lib/server/backtrace.h:73] #8: Envoy::Event::TimerImpl::TimerImpl()::{lambda()#1}::_FUN() [0xdcb66e]
[2019-07-01 21:49:33.735][49][critical][backtrace] [bazel-out/k8-fastbuild/bin/external/envoy/source/server/_virtual_includes/backtrace_lib/server/backtrace.h:73] #9: event_process_active_single_queue.isra.31 [0x13c7d68]
[2019-07-01 21:49:33.752][49][critical][backtrace] [bazel-out/k8-fastbuild/bin/external/envoy/source/server/_virtual_includes/backtrace_lib/server/backtrace.h:73] #10: event_process_active [0x13c82ef]
[2019-07-01 21:49:33.769][49][critical][backtrace] [bazel-out/k8-fastbuild/bin/external/envoy/source/server/_virtual_includes/backtrace_lib/server/backtrace.h:73] #11: event_base_loop [0x13cc928]
[2019-07-01 21:49:33.785][49][critical][backtrace] [bazel-out/k8-fastbuild/bin/external/envoy/source/server/_virtual_includes/backtrace_lib/server/backtrace.h:73] #12: Envoy::Event::LibeventScheduler::run() [0xdca78c]
[2019-07-01 21:49:33.800][49][critical][backtrace] [bazel-out/k8-fastbuild/bin/external/envoy/source/server/_virtual_includes/backtrace_lib/server/backtrace.h:73] #13: Envoy::Event::DispatcherImpl::run() [0xda68fa]
[2019-07-01 21:49:33.817][49][critical][backtrace] [bazel-out/k8-fastbuild/bin/external/envoy/source/server/_virtual_includes/backtrace_lib/server/backtrace.h:73] #14: Envoy::Server::WorkerImpl::threadRoutine() [0xd94187]
[2019-07-01 21:49:33.832][49][critical][backtrace] [bazel-out/k8-fastbuild/bin/external/envoy/source/server/_virtual_includes/backtrace_lib/server/backtrace.h:73] #15: Envoy::Server::WorkerImpl::start()::{lambda()#1}::operator()() [0xd93a56]
[2019-07-01 21:49:33.848][49][critical][backtrace] [bazel-out/k8-fastbuild/bin/external/envoy/source/server/_virtual_includes/backtrace_lib/server/backtrace.h:73] #16: std::_Function_handler<>::_M_invoke() [0xd94a95]
[2019-07-01 21:49:33.848][49][critical][backtrace] [bazel-out/k8-fastbuild/bin/external/envoy/source/server/_virtual_includes/backtrace_lib/server/backtrace.h:73] #17: std::function<>::operator()() [0x4f81fc]
[2019-07-01 21:49:33.864][49][critical][backtrace] [bazel-out/k8-fastbuild/bin/external/envoy/source/server/_virtual_includes/backtrace_lib/server/backtrace.h:73] #18: Envoy::Thread::ThreadImplPosix::ThreadImplPosix()::{lambda()#1}::operator()() [0x168ad14]
[2019-07-01 21:49:33.880][49][critical][backtrace] [bazel-out/k8-fastbuild/bin/external/envoy/source/server/_virtual_includes/backtrace_lib/server/backtrace.h:73] #19: Envoy::Thread::ThreadImplPosix::ThreadImplPosix()::{lambda()#1}::_FUN() [0x168ad38]
[2019-07-01 21:49:33.880][49][critical][backtrace] [bazel-out/k8-fastbuild/bin/external/envoy/source/server/_virtual_includes/backtrace_lib/server/backtrace.h:73] #20: start_thread [0x7f519a2156ba]
2019-07-01T21:49:34.022913Z	warn	Epoch 0 terminated with an error: signal: segmentation fault (core dumped)
2019-07-01T21:49:34.022940Z	warn	Aborted all epochs
2019-07-01T21:49:34.022984Z	info	Epoch 0: set retry delay to 800ms, budget to 7
2019-07-01T21:49:34.823117Z	info	Reconciling retry (budget 7)
2019-07-01T21:49:34.823186Z	info	Epoch 0 starting
2019-07-01T21:49:34.824492Z	info	Envoy command: [-c /etc/istio/proxy/envoy-rev0.json --restart-epoch 0 --drain-time-s 45 --parent-shutdown-time-s 60 --service-cluster display-video.default --service-node sidecar~10.244.0.133~display-video-8557cfd969-5xkrn.default~default.svc.cluster.local --max-obj-name-len 189 --local-address-ip-version v4 --allow-unknown-fields -l critical --component-log-level misc:error --concurrency 2]
MADEIT HEREenvoy.filters.http.adapt
2019-07-01T21:49:35.037435Z	info	Envoy proxy is NOT ready: 3 errors occurred:
	* failed checking application ports. listeners="0.0.0.0:15090"
	* envoy missing listener for inbound application port: 5000
	* envoy missing listener for inbound application port: 9001


http.10.244.0.133_5000.adapt.
http.10.244.0.133_5000.adapt.
http.10.244.0.133_9001.adapt.
http.10.244.0.133_9001.adapt.
http.0.0.0.0_8080.adapt.
http.0.0.0.0_9001.adapt.
http.0.0.0.0_8060.adapt.
http.0.0.0.0_9901.adapt.
http.0.0.0.0_15014.adapt.
http.0.0.0.0_9091.adapt.
http.0.0.0.0_15010.adapt.
http.0.0.0.0_15004.adapt.
http.0.0.0.0_80.adapt.
http.0.0.0.0_9000.adapt.
http.0.0.0.0_5000.adapt.
http.0.0.0.0_9111.adapt.
http.0.0.0.0_9080.adapt.
http.0.0.0.0_9090.adapt.
2019-07-01T21:49:37.037386Z	info	Envoy proxy is ready
[2019-07-01 21:50:18.783][61][critical][filter] [external/envoy/source/extensions/filters/http/adapt/adapt_filter.cc:34] Beginning adapt object creation.
[2019-07-01 21:50:18.783][61][critical][filter] [bazel-out/k8-fastbuild/bin/external/envoy/source/extensions/filters/http/adapt/_virtual_includes/adapt_filter_lib/extensions/filters/http/adapt/adapt_filter.h:84] INITIALIZED DECODER CALLBACKAS
[2019-07-01 21:50:18.783][61][critical][filter] [external/envoy/source/extensions/filters/http/adapt/adapt_filter.cc:56] Configured request limiter with a rate limit of 1 kbps.
[2019-07-01 21:50:18.783][61][critical][filter] [external/envoy/source/extensions/filters/http/adapt/adapt_filter.cc:57] Time source is N5Envoy5Event14RealTimeSystemE
[2019-07-01 21:50:18.786][61][critical][filter] [external/envoy/source/extensions/filters/http/adapt/adapt_filter.cc:95] Configured response limiter with a rate limit of 1 kbps.
[2019-07-01 21:50:18.786][61][critical][filter] [external/envoy/source/extensions/filters/http/adapt/adapt_filter.cc:90] Response limiter injection 173 bytes.
[2019-07-01 21:50:18.786][61][critical][backtrace] [bazel-out/k8-fastbuild/bin/external/envoy/source/server/_virtual_includes/backtrace_lib/server/backtrace.h:81] Caught Segmentation fault, suspect faulting address 0x30
[2019-07-01 21:50:18.786][61][critical][backtrace] [bazel-out/k8-fastbuild/bin/external/envoy/source/server/_virtual_includes/backtrace_lib/server/backtrace.h:69] Backtrace (use tools/stack_decode.py to get line numbers):
[2019-07-01 21:50:18.830][61][critical][backtrace] [bazel-out/k8-fastbuild/bin/external/envoy/source/server/_virtual_includes/backtrace_lib/server/backtrace.h:73] #0: Envoy::SignalAction::sigHandler() [0x1687c6e]
[2019-07-01 21:50:18.841][61][critical][backtrace] [bazel-out/k8-fastbuild/bin/external/envoy/source/server/_virtual_includes/backtrace_lib/server/backtrace.h:73] #1: __restore_rt [0x7f132c982390]
[2019-07-01 21:50:18.868][61][critical][backtrace] [bazel-out/k8-fastbuild/bin/external/envoy/source/server/_virtual_includes/backtrace_lib/server/backtrace.h:73] #2: Envoy::Buffer::OwnedImpl::length() [0x13ad682]
[2019-07-01 21:50:18.884][61][critical][backtrace] [bazel-out/k8-fastbuild/bin/external/envoy/source/server/_virtual_includes/backtrace_lib/server/backtrace.h:73] #3: Envoy::Extensions::HttpFilters::Fault::StreamRateLimiter::onTokenTimer() [0x71aafa]
[2019-07-01 21:50:18.900][61][critical][backtrace] [bazel-out/k8-fastbuild/bin/external/envoy/source/server/_virtual_includes/backtrace_lib/server/backtrace.h:73] #4: Envoy::Extensions::HttpFilters::Fault::StreamRateLimiter::StreamRateLimiter()::{lambda()#1}::operator()() [0x71a379]
[2019-07-01 21:50:18.916][61][critical][backtrace] [bazel-out/k8-fastbuild/bin/external/envoy/source/server/_virtual_includes/backtrace_lib/server/backtrace.h:73] #5: std::_Function_handler<>::_M_invoke() [0x71b4c9]
[2019-07-01 21:50:18.936][61][critical][backtrace] [bazel-out/k8-fastbuild/bin/external/envoy/source/server/_virtual_includes/backtrace_lib/server/backtrace.h:73] #6: std::function<>::operator()() [0x4f81fc]
[2019-07-01 21:50:18.959][61][critical][backtrace] [bazel-out/k8-fastbuild/bin/external/envoy/source/server/_virtual_includes/backtrace_lib/server/backtrace.h:73] #7: Envoy::Event::TimerImpl::TimerImpl()::{lambda()#1}::operator()() [0xdcb63f]
[2019-07-01 21:50:18.979][61][critical][backtrace] [bazel-out/k8-fastbuild/bin/external/envoy/source/server/_virtual_includes/backtrace_lib/server/backtrace.h:73] #8: Envoy::Event::TimerImpl::TimerImpl()::{lambda()#1}::_FUN() [0xdcb66e]
[2019-07-01 21:50:18.997][61][critical][backtrace] [bazel-out/k8-fastbuild/bin/external/envoy/source/server/_virtual_includes/backtrace_lib/server/backtrace.h:73] #9: event_process_active_single_queue.isra.31 [0x13c7d68]
[2019-07-01 21:50:19.017][61][critical][backtrace] [bazel-out/k8-fastbuild/bin/external/envoy/source/server/_virtual_includes/backtrace_lib/server/backtrace.h:73] #10: event_process_active [0x13c82ef]
[2019-07-01 21:50:19.034][61][critical][backtrace] [bazel-out/k8-fastbuild/bin/external/envoy/source/server/_virtual_includes/backtrace_lib/server/backtrace.h:73] #11: event_base_loop [0x13cc928]
[2019-07-01 21:50:19.053][61][critical][backtrace] [bazel-out/k8-fastbuild/bin/external/envoy/source/server/_virtual_includes/backtrace_lib/server/backtrace.h:73] #12: Envoy::Event::LibeventScheduler::run() [0xdca78c]
[2019-07-01 21:50:19.070][61][critical][backtrace] [bazel-out/k8-fastbuild/bin/external/envoy/source/server/_virtual_includes/backtrace_lib/server/backtrace.h:73] #13: Envoy::Event::DispatcherImpl::run() [0xda68fa]
[2019-07-01 21:50:19.084][61][critical][backtrace] [bazel-out/k8-fastbuild/bin/external/envoy/source/server/_virtual_includes/backtrace_lib/server/backtrace.h:73] #14: Envoy::Server::WorkerImpl::threadRoutine() [0xd94187]
[2019-07-01 21:50:19.098][61][critical][backtrace] [bazel-out/k8-fastbuild/bin/external/envoy/source/server/_virtual_includes/backtrace_lib/server/backtrace.h:73] #15: Envoy::Server::WorkerImpl::start()::{lambda()#1}::operator()() [0xd93a56]
[2019-07-01 21:50:19.113][61][critical][backtrace] [bazel-out/k8-fastbuild/bin/external/envoy/source/server/_virtual_includes/backtrace_lib/server/backtrace.h:73] #16: std::_Function_handler<>::_M_invoke() [0xd94a95]
[2019-07-01 21:50:19.113][61][critical][backtrace] [bazel-out/k8-fastbuild/bin/external/envoy/source/server/_virtual_includes/backtrace_lib/server/backtrace.h:73] #17: std::function<>::operator()() [0x4f81fc]
[2019-07-01 21:50:19.127][61][critical][backtrace] [bazel-out/k8-fastbuild/bin/external/envoy/source/server/_virtual_includes/backtrace_lib/server/backtrace.h:73] #18: Envoy::Thread::ThreadImplPosix::ThreadImplPosix()::{lambda()#1}::operator()() [0x168ad14]
[2019-07-01 21:50:19.141][61][critical][backtrace] [bazel-out/k8-fastbuild/bin/external/envoy/source/server/_virtual_includes/backtrace_lib/server/backtrace.h:73] #19: Envoy::Thread::ThreadImplPosix::ThreadImplPosix()::{lambda()#1}::_FUN() [0x168ad38]
[2019-07-01 21:50:19.142][61][critical][backtrace] [bazel-out/k8-fastbuild/bin/external/envoy/source/server/_virtual_includes/backtrace_lib/server/backtrace.h:73] #20: start_thread [0x7f132c9786ba]
2019-07-01T21:50:19.287275Z	warn	Epoch 0 terminated with an error: signal: segmentation fault (core dumped)
2019-07-01T21:50:19.287348Z	warn	Aborted all epochs
2019-07-01T21:50:19.287382Z	info	Epoch 0: set retry delay to 1.6s, budget to 6
2019-07-01T21:50:20.887506Z	info	Reconciling retry (budget 6)
2019-07-01T21:50:20.887697Z	info	Epoch 0 starting
2019-07-01T21:50:20.888577Z	info	Envoy command: [-c /etc/istio/proxy/envoy-rev0.json --restart-epoch 0 --drain-time-s 45 --parent-shutdown-time-s 60 --service-cluster display-video.default --service-node sidecar~10.244.0.133~display-video-8557cfd969-5xkrn.default~default.svc.cluster.local --max-obj-name-len 189 --local-address-ip-version v4 --allow-unknown-fields -l critical --component-log-level misc:error --concurrency 2]
MADEIT HEREenvoy.filters.http.adapt
2019-07-01T21:50:21.037680Z	info	Envoy proxy is NOT ready: 3 errors occurred:
	* failed checking application ports. listeners="0.0.0.0:15090"
	* envoy missing listener for inbound application port: 5000
	* envoy missing listener for inbound application port: 9001


http.10.244.0.133_5000.adapt.
http.10.244.0.133_5000.adapt.
http.10.244.0.133_9001.adapt.
http.10.244.0.133_9001.adapt.
http.0.0.0.0_8080.adapt.
http.0.0.0.0_9090.adapt.
http.0.0.0.0_9080.adapt.
http.0.0.0.0_5000.adapt.
http.0.0.0.0_9000.adapt.
http.0.0.0.0_15004.adapt.
http.0.0.0.0_9001.adapt.
http.0.0.0.0_15014.adapt.
http.0.0.0.0_15010.adapt.
http.0.0.0.0_9091.adapt.
http.0.0.0.0_9111.adapt.
http.0.0.0.0_80.adapt.
http.0.0.0.0_8060.adapt.
http.0.0.0.0_9901.adapt.
2019-07-01T21:50:23.037225Z	info	Envoy proxy is ready
[2019-07-01 21:50:41.370][71][critical][filter] [external/envoy/source/extensions/filters/http/adapt/adapt_filter.cc:34] Beginning adapt object creation.
[2019-07-01 21:50:41.370][71][critical][filter] [bazel-out/k8-fastbuild/bin/external/envoy/source/extensions/filters/http/adapt/_virtual_includes/adapt_filter_lib/extensions/filters/http/adapt/adapt_filter.h:84] INITIALIZED DECODER CALLBACKAS
[2019-07-01 21:50:41.371][71][critical][filter] [external/envoy/source/extensions/filters/http/adapt/adapt_filter.cc:56] Configured request limiter with a rate limit of 1 kbps.
[2019-07-01 21:50:41.371][71][critical][filter] [external/envoy/source/extensions/filters/http/adapt/adapt_filter.cc:57] Time source is N5Envoy5Event14RealTimeSystemE
[2019-07-01 21:50:41.375][71][critical][filter] [external/envoy/source/extensions/filters/http/adapt/adapt_filter.cc:95] Configured response limiter with a rate limit of 1 kbps.
[2019-07-01 21:50:41.375][71][critical][filter] [external/envoy/source/extensions/filters/http/adapt/adapt_filter.cc:90] Response limiter injection 173 bytes.
[2019-07-01 21:50:41.376][71][critical][backtrace] [bazel-out/k8-fastbuild/bin/external/envoy/source/server/_virtual_includes/backtrace_lib/server/backtrace.h:81] Caught Segmentation fault, suspect faulting address 0x30
[2019-07-01 21:50:41.376][71][critical][backtrace] [bazel-out/k8-fastbuild/bin/external/envoy/source/server/_virtual_includes/backtrace_lib/server/backtrace.h:69] Backtrace (use tools/stack_decode.py to get line numbers):
[2019-07-01 21:50:41.390][71][critical][backtrace] [bazel-out/k8-fastbuild/bin/external/envoy/source/server/_virtual_includes/backtrace_lib/server/backtrace.h:73] #0: Envoy::SignalAction::sigHandler() [0x1687c6e]
[2019-07-01 21:50:41.391][71][critical][backtrace] [bazel-out/k8-fastbuild/bin/external/envoy/source/server/_virtual_includes/backtrace_lib/server/backtrace.h:73] #1: __restore_rt [0x7f3993b3d390]
[2019-07-01 21:50:41.404][71][critical][backtrace] [bazel-out/k8-fastbuild/bin/external/envoy/source/server/_virtual_includes/backtrace_lib/server/backtrace.h:73] #2: Envoy::Buffer::OwnedImpl::length() [0x13ad682]
[2019-07-01 21:50:41.418][71][critical][backtrace] [bazel-out/k8-fastbuild/bin/external/envoy/source/server/_virtual_includes/backtrace_lib/server/backtrace.h:73] #3: Envoy::Extensions::HttpFilters::Fault::StreamRateLimiter::onTokenTimer() [0x71aafa]
[2019-07-01 21:50:41.431][71][critical][backtrace] [bazel-out/k8-fastbuild/bin/external/envoy/source/server/_virtual_includes/backtrace_lib/server/backtrace.h:73] #4: Envoy::Extensions::HttpFilters::Fault::StreamRateLimiter::StreamRateLimiter()::{lambda()#1}::operator()() [0x71a379]
[2019-07-01 21:50:41.445][71][critical][backtrace] [bazel-out/k8-fastbuild/bin/external/envoy/source/server/_virtual_includes/backtrace_lib/server/backtrace.h:73] #5: std::_Function_handler<>::_M_invoke() [0x71b4c9]
[2019-07-01 21:50:41.459][71][critical][backtrace] [bazel-out/k8-fastbuild/bin/external/envoy/source/server/_virtual_includes/backtrace_lib/server/backtrace.h:73] #6: std::function<>::operator()() [0x4f81fc]
[2019-07-01 21:50:41.473][71][critical][backtrace] [bazel-out/k8-fastbuild/bin/external/envoy/source/server/_virtual_includes/backtrace_lib/server/backtrace.h:73] #7: Envoy::Event::TimerImpl::TimerImpl()::{lambda()#1}::operator()() [0xdcb63f]
[2019-07-01 21:50:41.488][71][critical][backtrace] [bazel-out/k8-fastbuild/bin/external/envoy/source/server/_virtual_includes/backtrace_lib/server/backtrace.h:73] #8: Envoy::Event::TimerImpl::TimerImpl()::{lambda()#1}::_FUN() [0xdcb66e]
[2019-07-01 21:50:41.504][71][critical][backtrace] [bazel-out/k8-fastbuild/bin/external/envoy/source/server/_virtual_includes/backtrace_lib/server/backtrace.h:73] #9: event_process_active_single_queue.isra.31 [0x13c7d68]
[2019-07-01 21:50:41.522][71][critical][backtrace] [bazel-out/k8-fastbuild/bin/external/envoy/source/server/_virtual_includes/backtrace_lib/server/backtrace.h:73] #10: event_process_active [0x13c82ef]
[2019-07-01 21:50:41.539][71][critical][backtrace] [bazel-out/k8-fastbuild/bin/external/envoy/source/server/_virtual_includes/backtrace_lib/server/backtrace.h:73] #11: event_base_loop [0x13cc928]
[2019-07-01 21:50:41.556][71][critical][backtrace] [bazel-out/k8-fastbuild/bin/external/envoy/source/server/_virtual_includes/backtrace_lib/server/backtrace.h:73] #12: Envoy::Event::LibeventScheduler::run() [0xdca78c]
[2019-07-01 21:50:41.574][71][critical][backtrace] [bazel-out/k8-fastbuild/bin/external/envoy/source/server/_virtual_includes/backtrace_lib/server/backtrace.h:73] #13: Envoy::Event::DispatcherImpl::run() [0xda68fa]
[2019-07-01 21:50:41.590][71][critical][backtrace] [bazel-out/k8-fastbuild/bin/external/envoy/source/server/_virtual_includes/backtrace_lib/server/backtrace.h:73] #14: Envoy::Server::WorkerImpl::threadRoutine() [0xd94187]
[2019-07-01 21:50:41.606][71][critical][backtrace] [bazel-out/k8-fastbuild/bin/external/envoy/source/server/_virtual_includes/backtrace_lib/server/backtrace.h:73] #15: Envoy::Server::WorkerImpl::start()::{lambda()#1}::operator()() [0xd93a56]
[2019-07-01 21:50:41.623][71][critical][backtrace] [bazel-out/k8-fastbuild/bin/external/envoy/source/server/_virtual_includes/backtrace_lib/server/backtrace.h:73] #16: std::_Function_handler<>::_M_invoke() [0xd94a95]
[2019-07-01 21:50:41.624][71][critical][backtrace] [bazel-out/k8-fastbuild/bin/external/envoy/source/server/_virtual_includes/backtrace_lib/server/backtrace.h:73] #17: std::function<>::operator()() [0x4f81fc]
[2019-07-01 21:50:41.640][71][critical][backtrace] [bazel-out/k8-fastbuild/bin/external/envoy/source/server/_virtual_includes/backtrace_lib/server/backtrace.h:73] #18: Envoy::Thread::ThreadImplPosix::ThreadImplPosix()::{lambda()#1}::operator()() [0x168ad14]
[2019-07-01 21:50:41.656][71][critical][backtrace] [bazel-out/k8-fastbuild/bin/external/envoy/source/server/_virtual_includes/backtrace_lib/server/backtrace.h:73] #19: Envoy::Thread::ThreadImplPosix::ThreadImplPosix()::{lambda()#1}::_FUN() [0x168ad38]
[2019-07-01 21:50:41.658][71][critical][backtrace] [bazel-out/k8-fastbuild/bin/external/envoy/source/server/_virtual_includes/backtrace_lib/server/backtrace.h:73] #20: start_thread [0x7f3993b336ba]
2019-07-01T21:50:41.813924Z	warn	Epoch 0 terminated with an error: signal: segmentation fault (core dumped)
2019-07-01T21:50:41.814553Z	warn	Aborted all epochs
2019-07-01T21:50:41.814821Z	info	Epoch 0: set retry delay to 3.2s, budget to 5
2019-07-01T21:50:43.036984Z	info	Envoy proxy is NOT ready: failed retrieving Envoy listeners: Get http://127.0.0.1:15000/listeners: dial tcp 127.0.0.1:15000: connect: connection refused
2019-07-01T21:50:45.014952Z	info	Reconciling retry (budget 5)
2019-07-01T21:50:45.015045Z	info	Epoch 0 starting
2019-07-01T21:50:45.015827Z	info	Envoy command: [-c /etc/istio/proxy/envoy-rev0.json --restart-epoch 0 --drain-time-s 45 --parent-shutdown-time-s 60 --service-cluster display-video.default --service-node sidecar~10.244.0.133~display-video-8557cfd969-5xkrn.default~default.svc.cluster.local --max-obj-name-len 189 --local-address-ip-version v4 --allow-unknown-fields -l critical --component-log-level misc:error --concurrency 2]
MADEIT HEREenvoy.filters.http.adapt
2019-07-01T21:50:45.037006Z	info	Envoy proxy is NOT ready: failed retrieving Envoy listeners: Get http://127.0.0.1:15000/listeners: dial tcp 127.0.0.1:15000: connect: connection refused
http.10.244.0.133_5000.adapt.
http.10.244.0.133_5000.adapt.
http.10.244.0.133_9001.adapt.
http.10.244.0.133_9001.adapt.
http.0.0.0.0_9901.adapt.
http.0.0.0.0_5000.adapt.
http.0.0.0.0_9111.adapt.
http.0.0.0.0_8060.adapt.
http.0.0.0.0_15014.adapt.
http.0.0.0.0_8080.adapt.
http.0.0.0.0_80.adapt.
http.0.0.0.0_9080.adapt.
http.0.0.0.0_15010.adapt.
http.0.0.0.0_15004.adapt.
http.0.0.0.0_9091.adapt.
http.0.0.0.0_9090.adapt.
http.0.0.0.0_9000.adapt.
http.0.0.0.0_9001.adapt.
2019-07-01T21:50:47.051549Z	info	Envoy proxy is ready
[2019-07-01 21:51:45.855][81][critical][filter] [external/envoy/source/extensions/filters/http/adapt/adapt_filter.cc:34] Beginning adapt object creation.
[2019-07-01 21:51:45.855][81][critical][filter] [bazel-out/k8-fastbuild/bin/external/envoy/source/extensions/filters/http/adapt/_virtual_includes/adapt_filter_lib/extensions/filters/http/adapt/adapt_filter.h:84] INITIALIZED DECODER CALLBACKAS
[2019-07-01 21:51:45.855][81][critical][filter] [external/envoy/source/extensions/filters/http/adapt/adapt_filter.cc:56] Configured request limiter with a rate limit of 1 kbps.
[2019-07-01 21:51:45.855][81][critical][filter] [external/envoy/source/extensions/filters/http/adapt/adapt_filter.cc:57] Time source is N5Envoy5Event14RealTimeSystemE
[2019-07-01 21:51:45.859][81][critical][filter] [external/envoy/source/extensions/filters/http/adapt/adapt_filter.cc:95] Configured response limiter with a rate limit of 1 kbps.
[2019-07-01 21:51:45.859][81][critical][filter] [external/envoy/source/extensions/filters/http/adapt/adapt_filter.cc:90] Response limiter injection 173 bytes.
[2019-07-01 21:51:45.859][81][critical][backtrace] [bazel-out/k8-fastbuild/bin/external/envoy/source/server/_virtual_includes/backtrace_lib/server/backtrace.h:81] Caught Segmentation fault, suspect faulting address 0x30
[2019-07-01 21:51:45.859][81][critical][backtrace] [bazel-out/k8-fastbuild/bin/external/envoy/source/server/_virtual_includes/backtrace_lib/server/backtrace.h:69] Backtrace (use tools/stack_decode.py to get line numbers):
[2019-07-01 21:51:45.890][81][critical][backtrace] [bazel-out/k8-fastbuild/bin/external/envoy/source/server/_virtual_includes/backtrace_lib/server/backtrace.h:73] #0: Envoy::SignalAction::sigHandler() [0x1687c6e]
[2019-07-01 21:51:45.890][81][critical][backtrace] [bazel-out/k8-fastbuild/bin/external/envoy/source/server/_virtual_includes/backtrace_lib/server/backtrace.h:73] #1: __restore_rt [0x7fe219eaf390]
[2019-07-01 21:51:45.907][81][critical][backtrace] [bazel-out/k8-fastbuild/bin/external/envoy/source/server/_virtual_includes/backtrace_lib/server/backtrace.h:73] #2: Envoy::Buffer::OwnedImpl::length() [0x13ad682]
[2019-07-01 21:51:45.924][81][critical][backtrace] [bazel-out/k8-fastbuild/bin/external/envoy/source/server/_virtual_includes/backtrace_lib/server/backtrace.h:73] #3: Envoy::Extensions::HttpFilters::Fault::StreamRateLimiter::onTokenTimer() [0x71aafa]
[2019-07-01 21:51:45.940][81][critical][backtrace] [bazel-out/k8-fastbuild/bin/external/envoy/source/server/_virtual_includes/backtrace_lib/server/backtrace.h:73] #4: Envoy::Extensions::HttpFilters::Fault::StreamRateLimiter::StreamRateLimiter()::{lambda()#1}::operator()() [0x71a379]
[2019-07-01 21:51:45.957][81][critical][backtrace] [bazel-out/k8-fastbuild/bin/external/envoy/source/server/_virtual_includes/backtrace_lib/server/backtrace.h:73] #5: std::_Function_handler<>::_M_invoke() [0x71b4c9]
[2019-07-01 21:51:45.974][81][critical][backtrace] [bazel-out/k8-fastbuild/bin/external/envoy/source/server/_virtual_includes/backtrace_lib/server/backtrace.h:73] #6: std::function<>::operator()() [0x4f81fc]
[2019-07-01 21:51:45.990][81][critical][backtrace] [bazel-out/k8-fastbuild/bin/external/envoy/source/server/_virtual_includes/backtrace_lib/server/backtrace.h:73] #7: Envoy::Event::TimerImpl::TimerImpl()::{lambda()#1}::operator()() [0xdcb63f]
[2019-07-01 21:51:46.006][81][critical][backtrace] [bazel-out/k8-fastbuild/bin/external/envoy/source/server/_virtual_includes/backtrace_lib/server/backtrace.h:73] #8: Envoy::Event::TimerImpl::TimerImpl()::{lambda()#1}::_FUN() [0xdcb66e]
[2019-07-01 21:51:46.023][81][critical][backtrace] [bazel-out/k8-fastbuild/bin/external/envoy/source/server/_virtual_includes/backtrace_lib/server/backtrace.h:73] #9: event_process_active_single_queue.isra.31 [0x13c7d68]
[2019-07-01 21:51:46.039][81][critical][backtrace] [bazel-out/k8-fastbuild/bin/external/envoy/source/server/_virtual_includes/backtrace_lib/server/backtrace.h:73] #10: event_process_active [0x13c82ef]
[2019-07-01 21:51:46.055][81][critical][backtrace] [bazel-out/k8-fastbuild/bin/external/envoy/source/server/_virtual_includes/backtrace_lib/server/backtrace.h:73] #11: event_base_loop [0x13cc928]
[2019-07-01 21:51:46.072][81][critical][backtrace] [bazel-out/k8-fastbuild/bin/external/envoy/source/server/_virtual_includes/backtrace_lib/server/backtrace.h:73] #12: Envoy::Event::LibeventScheduler::run() [0xdca78c]
[2019-07-01 21:51:46.088][81][critical][backtrace] [bazel-out/k8-fastbuild/bin/external/envoy/source/server/_virtual_includes/backtrace_lib/server/backtrace.h:73] #13: Envoy::Event::DispatcherImpl::run() [0xda68fa]
[2019-07-01 21:51:46.104][81][critical][backtrace] [bazel-out/k8-fastbuild/bin/external/envoy/source/server/_virtual_includes/backtrace_lib/server/backtrace.h:73] #14: Envoy::Server::WorkerImpl::threadRoutine() [0xd94187]
[2019-07-01 21:51:46.122][81][critical][backtrace] [bazel-out/k8-fastbuild/bin/external/envoy/source/server/_virtual_includes/backtrace_lib/server/backtrace.h:73] #15: Envoy::Server::WorkerImpl::start()::{lambda()#1}::operator()() [0xd93a56]
[2019-07-01 21:51:46.139][81][critical][backtrace] [bazel-out/k8-fastbuild/bin/external/envoy/source/server/_virtual_includes/backtrace_lib/server/backtrace.h:73] #16: std::_Function_handler<>::_M_invoke() [0xd94a95]
[2019-07-01 21:51:46.139][81][critical][backtrace] [bazel-out/k8-fastbuild/bin/external/envoy/source/server/_virtual_includes/backtrace_lib/server/backtrace.h:73] #17: std::function<>::operator()() [0x4f81fc]
[2019-07-01 21:51:46.154][81][critical][backtrace] [bazel-out/k8-fastbuild/bin/external/envoy/source/server/_virtual_includes/backtrace_lib/server/backtrace.h:73] #18: Envoy::Thread::ThreadImplPosix::ThreadImplPosix()::{lambda()#1}::operator()() [0x168ad14]
[2019-07-01 21:51:46.170][81][critical][backtrace] [bazel-out/k8-fastbuild/bin/external/envoy/source/server/_virtual_includes/backtrace_lib/server/backtrace.h:73] #19: Envoy::Thread::ThreadImplPosix::ThreadImplPosix()::{lambda()#1}::_FUN() [0x168ad38]
[2019-07-01 21:51:46.170][81][critical][backtrace] [bazel-out/k8-fastbuild/bin/external/envoy/source/server/_virtual_includes/backtrace_lib/server/backtrace.h:73] #20: start_thread [0x7fe219ea56ba]
2019-07-01T21:51:46.299117Z	warn	Epoch 0 terminated with an error: signal: segmentation fault (core dumped)
2019-07-01T21:51:46.299666Z	warn	Aborted all epochs
2019-07-01T21:51:46.299997Z	info	Epoch 0: set retry delay to 6.4s, budget to 4
2019-07-01T21:51:47.037621Z	info	Envoy proxy is NOT ready: failed retrieving Envoy listeners: Get http://127.0.0.1:15000/listeners: dial tcp 127.0.0.1:15000: connect: connection refused
2019-07-01T21:51:49.036965Z	info	Envoy proxy is NOT ready: failed retrieving Envoy listeners: Get http://127.0.0.1:15000/listeners: dial tcp 127.0.0.1:15000: connect: connection refused
2019-07-01T21:51:51.036876Z	info	Envoy proxy is NOT ready: failed retrieving Envoy listeners: Get http://127.0.0.1:15000/listeners: dial tcp 127.0.0.1:15000: connect: connection refused
2019-07-01T21:51:52.702786Z	info	Reconciling retry (budget 4)
2019-07-01T21:51:52.703137Z	info	Epoch 0 starting
2019-07-01T21:51:52.704316Z	info	Envoy command: [-c /etc/istio/proxy/envoy-rev0.json --restart-epoch 0 --drain-time-s 45 --parent-shutdown-time-s 60 --service-cluster display-video.default --service-node sidecar~10.244.0.133~display-video-8557cfd969-5xkrn.default~default.svc.cluster.local --max-obj-name-len 189 --local-address-ip-version v4 --allow-unknown-fields -l critical --component-log-level misc:error --concurrency 2]
MADEIT HEREenvoy.filters.http.adapt
2019-07-01T21:51:53.037483Z	info	Envoy proxy is NOT ready: 3 errors occurred:
	* failed checking application ports. listeners="0.0.0.0:15090"
	* envoy missing listener for inbound application port: 5000
	* envoy missing listener for inbound application port: 9001


http.10.244.0.133_5000.adapt.
http.10.244.0.133_5000.adapt.
http.10.244.0.133_9001.adapt.
http.10.244.0.133_9001.adapt.
http.0.0.0.0_15010.adapt.
http.0.0.0.0_8060.adapt.
http.0.0.0.0_9080.adapt.
http.0.0.0.0_9901.adapt.
http.0.0.0.0_9111.adapt.
http.0.0.0.0_15014.adapt.
http.0.0.0.0_8080.adapt.
http.0.0.0.0_15004.adapt.
http.0.0.0.0_9001.adapt.
http.0.0.0.0_9000.adapt.
http.0.0.0.0_9091.adapt.
http.0.0.0.0_9090.adapt.
http.0.0.0.0_5000.adapt.
http.0.0.0.0_80.adapt.
2019-07-01T21:51:55.039805Z	info	Envoy proxy is ready
[2019-07-01 21:59:36.577][94][critical][filter] [external/envoy/source/extensions/filters/http/adapt/adapt_filter.cc:34] Beginning adapt object creation.
[2019-07-01 21:59:36.577][94][critical][filter] [bazel-out/k8-fastbuild/bin/external/envoy/source/extensions/filters/http/adapt/_virtual_includes/adapt_filter_lib/extensions/filters/http/adapt/adapt_filter.h:84] INITIALIZED DECODER CALLBACKAS
[2019-07-01 21:59:36.577][94][critical][filter] [external/envoy/source/extensions/filters/http/adapt/adapt_filter.cc:56] Configured request limiter with a rate limit of 1 kbps.
[2019-07-01 21:59:36.577][94][critical][filter] [external/envoy/source/extensions/filters/http/adapt/adapt_filter.cc:57] Time source is N5Envoy5Event14RealTimeSystemE
[2019-07-01 21:59:36.581][94][critical][filter] [external/envoy/source/extensions/filters/http/adapt/adapt_filter.cc:95] Configured response limiter with a rate limit of 1 kbps.
[2019-07-01 21:59:36.582][94][critical][filter] [external/envoy/source/extensions/filters/http/adapt/adapt_filter.cc:90] Response limiter injection 173 bytes.
[2019-07-01 21:59:36.582][94][critical][backtrace] [bazel-out/k8-fastbuild/bin/external/envoy/source/server/_virtual_includes/backtrace_lib/server/backtrace.h:81] Caught Segmentation fault, suspect faulting address 0x30
[2019-07-01 21:59:36.582][94][critical][backtrace] [bazel-out/k8-fastbuild/bin/external/envoy/source/server/_virtual_includes/backtrace_lib/server/backtrace.h:69] Backtrace (use tools/stack_decode.py to get line numbers):
[2019-07-01 21:59:36.599][94][critical][backtrace] [bazel-out/k8-fastbuild/bin/external/envoy/source/server/_virtual_includes/backtrace_lib/server/backtrace.h:73] #0: Envoy::SignalAction::sigHandler() [0x1687c6e]
[2019-07-01 21:59:36.599][94][critical][backtrace] [bazel-out/k8-fastbuild/bin/external/envoy/source/server/_virtual_includes/backtrace_lib/server/backtrace.h:73] #1: __restore_rt [0x7fe97bf2b390]
[2019-07-01 21:59:36.615][94][critical][backtrace] [bazel-out/k8-fastbuild/bin/external/envoy/source/server/_virtual_includes/backtrace_lib/server/backtrace.h:73] #2: Envoy::Buffer::OwnedImpl::length() [0x13ad682]
[2019-07-01 21:59:36.632][94][critical][backtrace] [bazel-out/k8-fastbuild/bin/external/envoy/source/server/_virtual_includes/backtrace_lib/server/backtrace.h:73] #3: Envoy::Extensions::HttpFilters::Fault::StreamRateLimiter::onTokenTimer() [0x71aafa]
[2019-07-01 21:59:36.648][94][critical][backtrace] [bazel-out/k8-fastbuild/bin/external/envoy/source/server/_virtual_includes/backtrace_lib/server/backtrace.h:73] #4: Envoy::Extensions::HttpFilters::Fault::StreamRateLimiter::StreamRateLimiter()::{lambda()#1}::operator()() [0x71a379]
[2019-07-01 21:59:36.669][94][critical][backtrace] [bazel-out/k8-fastbuild/bin/external/envoy/source/server/_virtual_includes/backtrace_lib/server/backtrace.h:73] #5: std::_Function_handler<>::_M_invoke() [0x71b4c9]
[2019-07-01 21:59:36.696][94][critical][backtrace] [bazel-out/k8-fastbuild/bin/external/envoy/source/server/_virtual_includes/backtrace_lib/server/backtrace.h:73] #6: std::function<>::operator()() [0x4f81fc]
[2019-07-01 21:59:36.717][94][critical][backtrace] [bazel-out/k8-fastbuild/bin/external/envoy/source/server/_virtual_includes/backtrace_lib/server/backtrace.h:73] #7: Envoy::Event::TimerImpl::TimerImpl()::{lambda()#1}::operator()() [0xdcb63f]
[2019-07-01 21:59:36.734][94][critical][backtrace] [bazel-out/k8-fastbuild/bin/external/envoy/source/server/_virtual_includes/backtrace_lib/server/backtrace.h:73] #8: Envoy::Event::TimerImpl::TimerImpl()::{lambda()#1}::_FUN() [0xdcb66e]
[2019-07-01 21:59:36.751][94][critical][backtrace] [bazel-out/k8-fastbuild/bin/external/envoy/source/server/_virtual_includes/backtrace_lib/server/backtrace.h:73] #9: event_process_active_single_queue.isra.31 [0x13c7d68]
[2019-07-01 21:59:36.769][94][critical][backtrace] [bazel-out/k8-fastbuild/bin/external/envoy/source/server/_virtual_includes/backtrace_lib/server/backtrace.h:73] #10: event_process_active [0x13c82ef]
[2019-07-01 21:59:36.787][94][critical][backtrace] [bazel-out/k8-fastbuild/bin/external/envoy/source/server/_virtual_includes/backtrace_lib/server/backtrace.h:73] #11: event_base_loop [0x13cc928]
[2019-07-01 21:59:36.802][94][critical][backtrace] [bazel-out/k8-fastbuild/bin/external/envoy/source/server/_virtual_includes/backtrace_lib/server/backtrace.h:73] #12: Envoy::Event::LibeventScheduler::run() [0xdca78c]
[2019-07-01 21:59:36.818][94][critical][backtrace] [bazel-out/k8-fastbuild/bin/external/envoy/source/server/_virtual_includes/backtrace_lib/server/backtrace.h:73] #13: Envoy::Event::DispatcherImpl::run() [0xda68fa]
[2019-07-01 21:59:36.834][94][critical][backtrace] [bazel-out/k8-fastbuild/bin/external/envoy/source/server/_virtual_includes/backtrace_lib/server/backtrace.h:73] #14: Envoy::Server::WorkerImpl::threadRoutine() [0xd94187]
[2019-07-01 21:59:36.850][94][critical][backtrace] [bazel-out/k8-fastbuild/bin/external/envoy/source/server/_virtual_includes/backtrace_lib/server/backtrace.h:73] #15: Envoy::Server::WorkerImpl::start()::{lambda()#1}::operator()() [0xd93a56]
[2019-07-01 21:59:36.867][94][critical][backtrace] [bazel-out/k8-fastbuild/bin/external/envoy/source/server/_virtual_includes/backtrace_lib/server/backtrace.h:73] #16: std::_Function_handler<>::_M_invoke() [0xd94a95]
[2019-07-01 21:59:36.867][94][critical][backtrace] [bazel-out/k8-fastbuild/bin/external/envoy/source/server/_virtual_includes/backtrace_lib/server/backtrace.h:73] #17: std::function<>::operator()() [0x4f81fc]
[2019-07-01 21:59:36.885][94][critical][backtrace] [bazel-out/k8-fastbuild/bin/external/envoy/source/server/_virtual_includes/backtrace_lib/server/backtrace.h:73] #18: Envoy::Thread::ThreadImplPosix::ThreadImplPosix()::{lambda()#1}::operator()() [0x168ad14]
[2019-07-01 21:59:36.901][94][critical][backtrace] [bazel-out/k8-fastbuild/bin/external/envoy/source/server/_virtual_includes/backtrace_lib/server/backtrace.h:73] #19: Envoy::Thread::ThreadImplPosix::ThreadImplPosix()::{lambda()#1}::_FUN() [0x168ad38]
[2019-07-01 21:59:36.902][94][critical][backtrace] [bazel-out/k8-fastbuild/bin/external/envoy/source/server/_virtual_includes/backtrace_lib/server/backtrace.h:73] #20: start_thread [0x7fe97bf216ba]
2019-07-01T21:59:37.037588Z	info	Envoy proxy is NOT ready: failed retrieving Envoy listeners: Get http://127.0.0.1:15000/listeners: read tcp 127.0.0.1:58886->127.0.0.1:15000: read: connection reset by peer
2019-07-01T21:59:37.039467Z	warn	Epoch 0 terminated with an error: signal: segmentation fault (core dumped)
2019-07-01T21:59:37.039481Z	warn	Aborted all epochs
2019-07-01T21:59:37.039525Z	info	Epoch 0: set retry delay to 12.8s, budget to 3
2019-07-01T21:59:39.036975Z	info	Envoy proxy is NOT ready: failed retrieving Envoy listeners: Get http://127.0.0.1:15000/listeners: dial tcp 127.0.0.1:15000: connect: connection refused
2019-07-01T21:59:41.036891Z	info	Envoy proxy is NOT ready: failed retrieving Envoy listeners: Get http://127.0.0.1:15000/listeners: dial tcp 127.0.0.1:15000: connect: connection refused
2019-07-01T21:59:43.037031Z	info	Envoy proxy is NOT ready: failed retrieving Envoy listeners: Get http://127.0.0.1:15000/listeners: dial tcp 127.0.0.1:15000: connect: connection refused
2019-07-01T21:59:45.037604Z	info	Envoy proxy is NOT ready: failed retrieving Envoy listeners: Get http://127.0.0.1:15000/listeners: dial tcp 127.0.0.1:15000: connect: connection refused
2019-07-01T21:59:47.039221Z	info	Envoy proxy is NOT ready: failed retrieving Envoy listeners: Get http://127.0.0.1:15000/listeners: dial tcp 127.0.0.1:15000: connect: connection refused
2019-07-01T21:59:49.036961Z	info	Envoy proxy is NOT ready: failed retrieving Envoy listeners: Get http://127.0.0.1:15000/listeners: dial tcp 127.0.0.1:15000: connect: connection refused
2019-07-01T21:59:49.839659Z	info	Reconciling retry (budget 3)
2019-07-01T21:59:49.839699Z	info	Epoch 0 starting
2019-07-01T21:59:49.840477Z	info	Envoy command: [-c /etc/istio/proxy/envoy-rev0.json --restart-epoch 0 --drain-time-s 45 --parent-shutdown-time-s 60 --service-cluster display-video.default --service-node sidecar~10.244.0.133~display-video-8557cfd969-5xkrn.default~default.svc.cluster.local --max-obj-name-len 189 --local-address-ip-version v4 --allow-unknown-fields -l critical --component-log-level misc:error --concurrency 2]
MADEIT HEREenvoy.filters.http.adapt
2019-07-01T21:59:51.128812Z	info	Envoy proxy is NOT ready: 3 errors occurred:
	* failed checking application ports. listeners="0.0.0.0:15090"
	* envoy missing listener for inbound application port: 5000
	* envoy missing listener for inbound application port: 9001


http.10.244.0.133_5000.adapt.
http.10.244.0.133_5000.adapt.
http.10.244.0.133_9001.adapt.
http.10.244.0.133_9001.adapt.
http.0.0.0.0_80.adapt.
http.0.0.0.0_8080.adapt.
http.0.0.0.0_9001.adapt.
http.0.0.0.0_8060.adapt.
http.0.0.0.0_9000.adapt.
http.0.0.0.0_5000.adapt.
http.0.0.0.0_9111.adapt.
http.0.0.0.0_15014.adapt.
http.0.0.0.0_9901.adapt.
http.0.0.0.0_15010.adapt.
http.0.0.0.0_9090.adapt.
http.0.0.0.0_15004.adapt.
http.0.0.0.0_9091.adapt.
http.0.0.0.0_9080.adapt.
2019-07-01T21:59:53.037584Z	info	Envoy proxy is ready
[2019-07-01 22:01:27.695][105][critical][filter] [external/envoy/source/extensions/filters/http/adapt/adapt_filter.cc:34] Beginning adapt object creation.
[2019-07-01 22:01:27.696][105][critical][filter] [bazel-out/k8-fastbuild/bin/external/envoy/source/extensions/filters/http/adapt/_virtual_includes/adapt_filter_lib/extensions/filters/http/adapt/adapt_filter.h:84] INITIALIZED DECODER CALLBACKAS
[2019-07-01 22:01:27.696][105][critical][filter] [external/envoy/source/extensions/filters/http/adapt/adapt_filter.cc:56] Configured request limiter with a rate limit of 1 kbps.
[2019-07-01 22:01:27.697][105][critical][filter] [external/envoy/source/extensions/filters/http/adapt/adapt_filter.cc:57] Time source is N5Envoy5Event14RealTimeSystemE
[2019-07-01 22:01:27.700][105][critical][filter] [external/envoy/source/extensions/filters/http/adapt/adapt_filter.cc:95] Configured response limiter with a rate limit of 1 kbps.
[2019-07-01 22:01:27.701][105][critical][filter] [external/envoy/source/extensions/filters/http/adapt/adapt_filter.cc:90] Response limiter injection 173 bytes.
[2019-07-01 22:01:27.701][105][critical][backtrace] [bazel-out/k8-fastbuild/bin/external/envoy/source/server/_virtual_includes/backtrace_lib/server/backtrace.h:81] Caught Segmentation fault, suspect faulting address 0x30
[2019-07-01 22:01:27.701][105][critical][backtrace] [bazel-out/k8-fastbuild/bin/external/envoy/source/server/_virtual_includes/backtrace_lib/server/backtrace.h:69] Backtrace (use tools/stack_decode.py to get line numbers):
[2019-07-01 22:01:27.718][105][critical][backtrace] [bazel-out/k8-fastbuild/bin/external/envoy/source/server/_virtual_includes/backtrace_lib/server/backtrace.h:73] #0: Envoy::SignalAction::sigHandler() [0x1687c6e]
[2019-07-01 22:01:27.719][105][critical][backtrace] [bazel-out/k8-fastbuild/bin/external/envoy/source/server/_virtual_includes/backtrace_lib/server/backtrace.h:73] #1: __restore_rt [0x7f6f64ba5390]
[2019-07-01 22:01:27.736][105][critical][backtrace] [bazel-out/k8-fastbuild/bin/external/envoy/source/server/_virtual_includes/backtrace_lib/server/backtrace.h:73] #2: Envoy::Buffer::OwnedImpl::length() [0x13ad682]
[2019-07-01 22:01:27.752][105][critical][backtrace] [bazel-out/k8-fastbuild/bin/external/envoy/source/server/_virtual_includes/backtrace_lib/server/backtrace.h:73] #3: Envoy::Extensions::HttpFilters::Fault::StreamRateLimiter::onTokenTimer() [0x71aafa]
[2019-07-01 22:01:27.768][105][critical][backtrace] [bazel-out/k8-fastbuild/bin/external/envoy/source/server/_virtual_includes/backtrace_lib/server/backtrace.h:73] #4: Envoy::Extensions::HttpFilters::Fault::StreamRateLimiter::StreamRateLimiter()::{lambda()#1}::operator()() [0x71a379]
[2019-07-01 22:01:27.785][105][critical][backtrace] [bazel-out/k8-fastbuild/bin/external/envoy/source/server/_virtual_includes/backtrace_lib/server/backtrace.h:73] #5: std::_Function_handler<>::_M_invoke() [0x71b4c9]
[2019-07-01 22:01:27.800][105][critical][backtrace] [bazel-out/k8-fastbuild/bin/external/envoy/source/server/_virtual_includes/backtrace_lib/server/backtrace.h:73] #6: std::function<>::operator()() [0x4f81fc]
[2019-07-01 22:01:27.817][105][critical][backtrace] [bazel-out/k8-fastbuild/bin/external/envoy/source/server/_virtual_includes/backtrace_lib/server/backtrace.h:73] #7: Envoy::Event::TimerImpl::TimerImpl()::{lambda()#1}::operator()() [0xdcb63f]
[2019-07-01 22:01:27.833][105][critical][backtrace] [bazel-out/k8-fastbuild/bin/external/envoy/source/server/_virtual_includes/backtrace_lib/server/backtrace.h:73] #8: Envoy::Event::TimerImpl::TimerImpl()::{lambda()#1}::_FUN() [0xdcb66e]
[2019-07-01 22:01:27.850][105][critical][backtrace] [bazel-out/k8-fastbuild/bin/external/envoy/source/server/_virtual_includes/backtrace_lib/server/backtrace.h:73] #9: event_process_active_single_queue.isra.31 [0x13c7d68]
[2019-07-01 22:01:27.868][105][critical][backtrace] [bazel-out/k8-fastbuild/bin/external/envoy/source/server/_virtual_includes/backtrace_lib/server/backtrace.h:73] #10: event_process_active [0x13c82ef]
[2019-07-01 22:01:27.885][105][critical][backtrace] [bazel-out/k8-fastbuild/bin/external/envoy/source/server/_virtual_includes/backtrace_lib/server/backtrace.h:73] #11: event_base_loop [0x13cc928]
[2019-07-01 22:01:27.901][105][critical][backtrace] [bazel-out/k8-fastbuild/bin/external/envoy/source/server/_virtual_includes/backtrace_lib/server/backtrace.h:73] #12: Envoy::Event::LibeventScheduler::run() [0xdca78c]
[2019-07-01 22:01:27.917][105][critical][backtrace] [bazel-out/k8-fastbuild/bin/external/envoy/source/server/_virtual_includes/backtrace_lib/server/backtrace.h:73] #13: Envoy::Event::DispatcherImpl::run() [0xda68fa]
[2019-07-01 22:01:27.933][105][critical][backtrace] [bazel-out/k8-fastbuild/bin/external/envoy/source/server/_virtual_includes/backtrace_lib/server/backtrace.h:73] #14: Envoy::Server::WorkerImpl::threadRoutine() [0xd94187]
[2019-07-01 22:01:27.949][105][critical][backtrace] [bazel-out/k8-fastbuild/bin/external/envoy/source/server/_virtual_includes/backtrace_lib/server/backtrace.h:73] #15: Envoy::Server::WorkerImpl::start()::{lambda()#1}::operator()() [0xd93a56]
[2019-07-01 22:01:27.966][105][critical][backtrace] [bazel-out/k8-fastbuild/bin/external/envoy/source/server/_virtual_includes/backtrace_lib/server/backtrace.h:73] #16: std::_Function_handler<>::_M_invoke() [0xd94a95]
[2019-07-01 22:01:27.967][105][critical][backtrace] [bazel-out/k8-fastbuild/bin/external/envoy/source/server/_virtual_includes/backtrace_lib/server/backtrace.h:73] #17: std::function<>::operator()() [0x4f81fc]
[2019-07-01 22:01:27.984][105][critical][backtrace] [bazel-out/k8-fastbuild/bin/external/envoy/source/server/_virtual_includes/backtrace_lib/server/backtrace.h:73] #18: Envoy::Thread::ThreadImplPosix::ThreadImplPosix()::{lambda()#1}::operator()() [0x168ad14]
[2019-07-01 22:01:28.001][105][critical][backtrace] [bazel-out/k8-fastbuild/bin/external/envoy/source/server/_virtual_includes/backtrace_lib/server/backtrace.h:73] #19: Envoy::Thread::ThreadImplPosix::ThreadImplPosix()::{lambda()#1}::_FUN() [0x168ad38]
[2019-07-01 22:01:28.002][105][critical][backtrace] [bazel-out/k8-fastbuild/bin/external/envoy/source/server/_virtual_includes/backtrace_lib/server/backtrace.h:73] #20: start_thread [0x7f6f64b9b6ba]
2019-07-01T22:01:28.152608Z	warn	Epoch 0 terminated with an error: signal: segmentation fault (core dumped)
2019-07-01T22:01:28.153206Z	warn	Aborted all epochs
2019-07-01T22:01:28.153622Z	info	Epoch 0: set retry delay to 25.6s, budget to 2
2019-07-01T22:01:29.036919Z	info	Envoy proxy is NOT ready: failed retrieving Envoy listeners: Get http://127.0.0.1:15000/listeners: dial tcp 127.0.0.1:15000: connect: connection refused
2019-07-01T22:01:31.036906Z	info	Envoy proxy is NOT ready: failed retrieving Envoy listeners: Get http://127.0.0.1:15000/listeners: dial tcp 127.0.0.1:15000: connect: connection refused
2019-07-01T22:01:33.036991Z	info	Envoy proxy is NOT ready: failed retrieving Envoy listeners: Get http://127.0.0.1:15000/listeners: dial tcp 127.0.0.1:15000: connect: connection refused
2019-07-01T22:01:35.037388Z	info	Envoy proxy is NOT ready: failed retrieving Envoy listeners: Get http://127.0.0.1:15000/listeners: dial tcp 127.0.0.1:15000: connect: connection refused
2019-07-01T22:01:37.036914Z	info	Envoy proxy is NOT ready: failed retrieving Envoy listeners: Get http://127.0.0.1:15000/listeners: dial tcp 127.0.0.1:15000: connect: connection refused
2019-07-01T22:01:39.036963Z	info	Envoy proxy is NOT ready: failed retrieving Envoy listeners: Get http://127.0.0.1:15000/listeners: dial tcp 127.0.0.1:15000: connect: connection refused
2019-07-01T22:01:41.037160Z	info	Envoy proxy is NOT ready: failed retrieving Envoy listeners: Get http://127.0.0.1:15000/listeners: dial tcp 127.0.0.1:15000: connect: connection refused
2019-07-01T22:01:43.036816Z	info	Envoy proxy is NOT ready: failed retrieving Envoy listeners: Get http://127.0.0.1:15000/listeners: dial tcp 127.0.0.1:15000: connect: connection refused
2019-07-01T22:01:45.036927Z	info	Envoy proxy is NOT ready: failed retrieving Envoy listeners: Get http://127.0.0.1:15000/listeners: dial tcp 127.0.0.1:15000: connect: connection refused
2019-07-01T22:01:47.036901Z	info	Envoy proxy is NOT ready: failed retrieving Envoy listeners: Get http://127.0.0.1:15000/listeners: dial tcp 127.0.0.1:15000: connect: connection refused
2019-07-01T22:01:49.036999Z	info	Envoy proxy is NOT ready: failed retrieving Envoy listeners: Get http://127.0.0.1:15000/listeners: dial tcp 127.0.0.1:15000: connect: connection refused
2019-07-01T22:01:51.036905Z	info	Envoy proxy is NOT ready: failed retrieving Envoy listeners: Get http://127.0.0.1:15000/listeners: dial tcp 127.0.0.1:15000: connect: connection refused
2019-07-01T22:01:53.036870Z	info	Envoy proxy is NOT ready: failed retrieving Envoy listeners: Get http://127.0.0.1:15000/listeners: dial tcp 127.0.0.1:15000: connect: connection refused
2019-07-01T22:01:53.753765Z	info	Reconciling retry (budget 2)
2019-07-01T22:01:53.753808Z	info	Epoch 0 starting
2019-07-01T22:01:53.754556Z	info	Envoy command: [-c /etc/istio/proxy/envoy-rev0.json --restart-epoch 0 --drain-time-s 45 --parent-shutdown-time-s 60 --service-cluster display-video.default --service-node sidecar~10.244.0.133~display-video-8557cfd969-5xkrn.default~default.svc.cluster.local --max-obj-name-len 189 --local-address-ip-version v4 --allow-unknown-fields -l critical --component-log-level misc:error --concurrency 2]
MADEIT HEREenvoy.filters.http.adapt
http.10.244.0.133_5000.adapt.
http.10.244.0.133_5000.adapt.
http.10.244.0.133_9001.adapt.
http.10.244.0.133_9001.adapt.
http.0.0.0.0_9111.adapt.
http.0.0.0.0_9090.adapt.
http.0.0.0.0_9080.adapt.
http.0.0.0.0_9000.adapt.
http.0.0.0.0_9001.adapt.
http.0.0.0.0_9091.adapt.
http.0.0.0.0_5000.adapt.
http.0.0.0.0_15004.adapt.
http.0.0.0.0_80.adapt.
http.0.0.0.0_15010.adapt.
http.0.0.0.0_9901.adapt.
http.0.0.0.0_8080.adapt.
http.0.0.0.0_8060.adapt.
http.0.0.0.0_15014.adapt.
2019-07-01T22:01:55.051616Z	info	Envoy proxy is ready
[2019-07-01 22:05:32.683][114][critical][filter] [external/envoy/source/extensions/filters/http/adapt/adapt_filter.cc:34] Beginning adapt object creation.
[2019-07-01 22:05:32.683][114][critical][filter] [bazel-out/k8-fastbuild/bin/external/envoy/source/extensions/filters/http/adapt/_virtual_includes/adapt_filter_lib/extensions/filters/http/adapt/adapt_filter.h:84] INITIALIZED DECODER CALLBACKAS
[2019-07-01 22:05:32.683][114][critical][filter] [external/envoy/source/extensions/filters/http/adapt/adapt_filter.cc:56] Configured request limiter with a rate limit of 1 kbps.
[2019-07-01 22:05:32.683][114][critical][filter] [external/envoy/source/extensions/filters/http/adapt/adapt_filter.cc:57] Time source is N5Envoy5Event14RealTimeSystemE
[2019-07-01 22:05:32.687][114][critical][filter] [external/envoy/source/extensions/filters/http/adapt/adapt_filter.cc:95] Configured response limiter with a rate limit of 1 kbps.
[2019-07-01 22:05:32.687][114][critical][filter] [external/envoy/source/extensions/filters/http/adapt/adapt_filter.cc:90] Response limiter injection 173 bytes.
[2019-07-01 22:05:32.687][114][critical][backtrace] [bazel-out/k8-fastbuild/bin/external/envoy/source/server/_virtual_includes/backtrace_lib/server/backtrace.h:81] Caught Segmentation fault, suspect faulting address 0x30
[2019-07-01 22:05:32.687][114][critical][backtrace] [bazel-out/k8-fastbuild/bin/external/envoy/source/server/_virtual_includes/backtrace_lib/server/backtrace.h:69] Backtrace (use tools/stack_decode.py to get line numbers):
[2019-07-01 22:05:32.706][114][critical][backtrace] [bazel-out/k8-fastbuild/bin/external/envoy/source/server/_virtual_includes/backtrace_lib/server/backtrace.h:73] #0: Envoy::SignalAction::sigHandler() [0x1687c6e]
[2019-07-01 22:05:32.706][114][critical][backtrace] [bazel-out/k8-fastbuild/bin/external/envoy/source/server/_virtual_includes/backtrace_lib/server/backtrace.h:73] #1: __restore_rt [0x7f6b93797390]
[2019-07-01 22:05:32.722][114][critical][backtrace] [bazel-out/k8-fastbuild/bin/external/envoy/source/server/_virtual_includes/backtrace_lib/server/backtrace.h:73] #2: Envoy::Buffer::OwnedImpl::length() [0x13ad682]
[2019-07-01 22:05:32.738][114][critical][backtrace] [bazel-out/k8-fastbuild/bin/external/envoy/source/server/_virtual_includes/backtrace_lib/server/backtrace.h:73] #3: Envoy::Extensions::HttpFilters::Fault::StreamRateLimiter::onTokenTimer() [0x71aafa]
[2019-07-01 22:05:32.754][114][critical][backtrace] [bazel-out/k8-fastbuild/bin/external/envoy/source/server/_virtual_includes/backtrace_lib/server/backtrace.h:73] #4: Envoy::Extensions::HttpFilters::Fault::StreamRateLimiter::StreamRateLimiter()::{lambda()#1}::operator()() [0x71a379]
[2019-07-01 22:05:32.768][114][critical][backtrace] [bazel-out/k8-fastbuild/bin/external/envoy/source/server/_virtual_includes/backtrace_lib/server/backtrace.h:73] #5: std::_Function_handler<>::_M_invoke() [0x71b4c9]
[2019-07-01 22:05:32.781][114][critical][backtrace] [bazel-out/k8-fastbuild/bin/external/envoy/source/server/_virtual_includes/backtrace_lib/server/backtrace.h:73] #6: std::function<>::operator()() [0x4f81fc]
[2019-07-01 22:05:32.796][114][critical][backtrace] [bazel-out/k8-fastbuild/bin/external/envoy/source/server/_virtual_includes/backtrace_lib/server/backtrace.h:73] #7: Envoy::Event::TimerImpl::TimerImpl()::{lambda()#1}::operator()() [0xdcb63f]
[2019-07-01 22:05:32.809][114][critical][backtrace] [bazel-out/k8-fastbuild/bin/external/envoy/source/server/_virtual_includes/backtrace_lib/server/backtrace.h:73] #8: Envoy::Event::TimerImpl::TimerImpl()::{lambda()#1}::_FUN() [0xdcb66e]
[2019-07-01 22:05:32.823][114][critical][backtrace] [bazel-out/k8-fastbuild/bin/external/envoy/source/server/_virtual_includes/backtrace_lib/server/backtrace.h:73] #9: event_process_active_single_queue.isra.31 [0x13c7d68]
[2019-07-01 22:05:32.837][114][critical][backtrace] [bazel-out/k8-fastbuild/bin/external/envoy/source/server/_virtual_includes/backtrace_lib/server/backtrace.h:73] #10: event_process_active [0x13c82ef]
[2019-07-01 22:05:32.851][114][critical][backtrace] [bazel-out/k8-fastbuild/bin/external/envoy/source/server/_virtual_includes/backtrace_lib/server/backtrace.h:73] #11: event_base_loop [0x13cc928]
[2019-07-01 22:05:32.865][114][critical][backtrace] [bazel-out/k8-fastbuild/bin/external/envoy/source/server/_virtual_includes/backtrace_lib/server/backtrace.h:73] #12: Envoy::Event::LibeventScheduler::run() [0xdca78c]
[2019-07-01 22:05:32.879][114][critical][backtrace] [bazel-out/k8-fastbuild/bin/external/envoy/source/server/_virtual_includes/backtrace_lib/server/backtrace.h:73] #13: Envoy::Event::DispatcherImpl::run() [0xda68fa]
[2019-07-01 22:05:32.893][114][critical][backtrace] [bazel-out/k8-fastbuild/bin/external/envoy/source/server/_virtual_includes/backtrace_lib/server/backtrace.h:73] #14: Envoy::Server::WorkerImpl::threadRoutine() [0xd94187]
[2019-07-01 22:05:32.908][114][critical][backtrace] [bazel-out/k8-fastbuild/bin/external/envoy/source/server/_virtual_includes/backtrace_lib/server/backtrace.h:73] #15: Envoy::Server::WorkerImpl::start()::{lambda()#1}::operator()() [0xd93a56]
[2019-07-01 22:05:32.923][114][critical][backtrace] [bazel-out/k8-fastbuild/bin/external/envoy/source/server/_virtual_includes/backtrace_lib/server/backtrace.h:73] #16: std::_Function_handler<>::_M_invoke() [0xd94a95]
[2019-07-01 22:05:32.923][114][critical][backtrace] [bazel-out/k8-fastbuild/bin/external/envoy/source/server/_virtual_includes/backtrace_lib/server/backtrace.h:73] #17: std::function<>::operator()() [0x4f81fc]
[2019-07-01 22:05:32.939][114][critical][backtrace] [bazel-out/k8-fastbuild/bin/external/envoy/source/server/_virtual_includes/backtrace_lib/server/backtrace.h:73] #18: Envoy::Thread::ThreadImplPosix::ThreadImplPosix()::{lambda()#1}::operator()() [0x168ad14]
[2019-07-01 22:05:32.956][114][critical][backtrace] [bazel-out/k8-fastbuild/bin/external/envoy/source/server/_virtual_includes/backtrace_lib/server/backtrace.h:73] #19: Envoy::Thread::ThreadImplPosix::ThreadImplPosix()::{lambda()#1}::_FUN() [0x168ad38]
[2019-07-01 22:05:32.956][114][critical][backtrace] [bazel-out/k8-fastbuild/bin/external/envoy/source/server/_virtual_includes/backtrace_lib/server/backtrace.h:73] #20: start_thread [0x7f6b9378d6ba]
2019-07-01T22:05:33.099002Z	info	Envoy proxy is NOT ready: failed retrieving Envoy listeners: Get http://127.0.0.1:15000/listeners: read tcp 127.0.0.1:34846->127.0.0.1:15000: read: connection reset by peer
2019-07-01T22:05:33.101821Z	warn	Epoch 0 terminated with an error: signal: segmentation fault (core dumped)
2019-07-01T22:05:33.102113Z	warn	Aborted all epochs
2019-07-01T22:05:33.102312Z	info	Epoch 0: set retry delay to 51.2s, budget to 1
2019-07-01T22:05:35.037033Z	info	Envoy proxy is NOT ready: failed retrieving Envoy listeners: Get http://127.0.0.1:15000/listeners: dial tcp 127.0.0.1:15000: connect: connection refused
2019-07-01T22:05:37.037056Z	info	Envoy proxy is NOT ready: failed retrieving Envoy listeners: Get http://127.0.0.1:15000/listeners: dial tcp 127.0.0.1:15000: connect: connection refused
2019-07-01T22:05:39.036851Z	info	Envoy proxy is NOT ready: failed retrieving Envoy listeners: Get http://127.0.0.1:15000/listeners: dial tcp 127.0.0.1:15000: connect: connection refused
2019-07-01T22:05:41.036839Z	info	Envoy proxy is NOT ready: failed retrieving Envoy listeners: Get http://127.0.0.1:15000/listeners: dial tcp 127.0.0.1:15000: connect: connection refused
2019-07-01T22:05:43.036851Z	info	Envoy proxy is NOT ready: failed retrieving Envoy listeners: Get http://127.0.0.1:15000/listeners: dial tcp 127.0.0.1:15000: connect: connection refused
2019-07-01T22:05:45.037698Z	info	Envoy proxy is NOT ready: failed retrieving Envoy listeners: Get http://127.0.0.1:15000/listeners: dial tcp 127.0.0.1:15000: connect: connection refused
2019-07-01T22:05:47.036888Z	info	Envoy proxy is NOT ready: failed retrieving Envoy listeners: Get http://127.0.0.1:15000/listeners: dial tcp 127.0.0.1:15000: connect: connection refused
2019-07-01T22:05:49.037014Z	info	Envoy proxy is NOT ready: failed retrieving Envoy listeners: Get http://127.0.0.1:15000/listeners: dial tcp 127.0.0.1:15000: connect: connection refused
2019-07-01T22:05:51.036947Z	info	Envoy proxy is NOT ready: failed retrieving Envoy listeners: Get http://127.0.0.1:15000/listeners: dial tcp 127.0.0.1:15000: connect: connection refused
2019-07-01T22:05:53.037004Z	info	Envoy proxy is NOT ready: failed retrieving Envoy listeners: Get http://127.0.0.1:15000/listeners: dial tcp 127.0.0.1:15000: connect: connection refused
2019-07-01T22:05:55.046284Z	info	Envoy proxy is NOT ready: failed retrieving Envoy listeners: Get http://127.0.0.1:15000/listeners: dial tcp 127.0.0.1:15000: connect: connection refused
2019-07-01T22:05:57.036910Z	info	Envoy proxy is NOT ready: failed retrieving Envoy listeners: Get http://127.0.0.1:15000/listeners: dial tcp 127.0.0.1:15000: connect: connection refused
2019-07-01T22:05:59.037749Z	info	Envoy proxy is NOT ready: failed retrieving Envoy listeners: Get http://127.0.0.1:15000/listeners: dial tcp 127.0.0.1:15000: connect: connection refused
2019-07-01T22:06:01.036904Z	info	Envoy proxy is NOT ready: failed retrieving Envoy listeners: Get http://127.0.0.1:15000/listeners: dial tcp 127.0.0.1:15000: connect: connection refused
2019-07-01T22:06:03.036872Z	info	Envoy proxy is NOT ready: failed retrieving Envoy listeners: Get http://127.0.0.1:15000/listeners: dial tcp 127.0.0.1:15000: connect: connection refused
2019-07-01T22:06:05.036909Z	info	Envoy proxy is NOT ready: failed retrieving Envoy listeners: Get http://127.0.0.1:15000/listeners: dial tcp 127.0.0.1:15000: connect: connection refused
2019-07-01T22:06:07.036901Z	info	Envoy proxy is NOT ready: failed retrieving Envoy listeners: Get http://127.0.0.1:15000/listeners: dial tcp 127.0.0.1:15000: connect: connection refused
2019-07-01T22:06:09.036983Z	info	Envoy proxy is NOT ready: failed retrieving Envoy listeners: Get http://127.0.0.1:15000/listeners: dial tcp 127.0.0.1:15000: connect: connection refused
2019-07-01T22:06:11.042977Z	info	Envoy proxy is NOT ready: failed retrieving Envoy listeners: Get http://127.0.0.1:15000/listeners: dial tcp 127.0.0.1:15000: connect: connection refused
2019-07-01T22:06:13.036952Z	info	Envoy proxy is NOT ready: failed retrieving Envoy listeners: Get http://127.0.0.1:15000/listeners: dial tcp 127.0.0.1:15000: connect: connection refused
2019-07-01T22:06:15.038389Z	info	Envoy proxy is NOT ready: failed retrieving Envoy listeners: Get http://127.0.0.1:15000/listeners: dial tcp 127.0.0.1:15000: connect: connection refused
2019-07-01T22:06:17.037005Z	info	Envoy proxy is NOT ready: failed retrieving Envoy listeners: Get http://127.0.0.1:15000/listeners: dial tcp 127.0.0.1:15000: connect: connection refused
2019-07-01T22:06:19.038046Z	info	Envoy proxy is NOT ready: failed retrieving Envoy listeners: Get http://127.0.0.1:15000/listeners: dial tcp 127.0.0.1:15000: connect: connection refused
2019-07-01T22:06:21.037479Z	info	Envoy proxy is NOT ready: failed retrieving Envoy listeners: Get http://127.0.0.1:15000/listeners: dial tcp 127.0.0.1:15000: connect: connection refused
2019-07-01T22:06:23.037134Z	info	Envoy proxy is NOT ready: failed retrieving Envoy listeners: Get http://127.0.0.1:15000/listeners: dial tcp 127.0.0.1:15000: connect: connection refused
2019-07-01T22:06:24.302454Z	info	Reconciling retry (budget 1)
2019-07-01T22:06:24.302491Z	info	Epoch 0 starting
2019-07-01T22:06:24.303521Z	info	Envoy command: [-c /etc/istio/proxy/envoy-rev0.json --restart-epoch 0 --drain-time-s 45 --parent-shutdown-time-s 60 --service-cluster display-video.default --service-node sidecar~10.244.0.133~display-video-8557cfd969-5xkrn.default~default.svc.cluster.local --max-obj-name-len 189 --local-address-ip-version v4 --allow-unknown-fields -l critical --component-log-level misc:error --concurrency 2]
MADEIT HEREenvoy.filters.http.adapt
http.10.244.0.133_5000.adapt.
http.10.244.0.133_5000.adapt.
http.10.244.0.133_9001.adapt.
http.10.244.0.133_9001.adapt.
http.0.0.0.0_9001.adapt.
http.0.0.0.0_8060.adapt.
http.0.0.0.0_5000.adapt.
http.0.0.0.0_9091.adapt.
http.0.0.0.0_9090.adapt.
http.0.0.0.0_80.adapt.
http.0.0.0.0_15014.adapt.
http.0.0.0.0_15010.adapt.
http.0.0.0.0_8080.adapt.
http.0.0.0.0_15004.adapt.
http.0.0.0.0_9111.adapt.
http.0.0.0.0_9000.adapt.
http.0.0.0.0_9901.adapt.
http.0.0.0.0_9080.adapt.
2019-07-01T22:06:25.052936Z	info	Envoy proxy is ready
